This is pdfTeX, Version 3.14159265-2.6-1.40.15 (TeX Live 2014) (preloaded format=pdflatex 2015.2.19)  7 MAR 2015 19:05
entering extended mode
 restricted \write18 enabled.
 %&-line parsing enabled.
**dissertation.tex
(./dissertation.tex
LaTeX2e <2014/05/01>
Babel <3.9k> and hyphenation patterns for 21 languages loaded.
(/usr/local/texlive/2014basic/texmf-dist/tex/latex/base/book.cls
Document Class: book 2014/09/29 v1.4h Standard LaTeX document class
(/usr/local/texlive/2014basic/texmf-dist/tex/latex/base/bk11.clo
File: bk11.clo 2014/09/29 v1.4h Standard LaTeX file (size option)
)
\c@part=\count79
\c@chapter=\count80
\c@section=\count81
\c@subsection=\count82
\c@subsubsection=\count83
\c@paragraph=\count84
\c@subparagraph=\count85
\c@figure=\count86
\c@table=\count87
\abovecaptionskip=\skip41
\belowcaptionskip=\skip42
\bibindent=\dimen102
)
(/usr/local/texlive/2014basic/texmf-dist/tex/generic/babel/babel.sty
Package: babel 2014/09/25 3.9l The Babel package

(/usr/local/texlive/2014basic/texmf-dist/tex/generic/babel/switch.def
File: switch.def 2014/09/25 3.9l Babel switching mechanism
)
(/usr/local/texlive/2014basic/texmf-dist/tex/generic/babel-english/english.ldf
Language: english 2012/08/20 v3.3p English support from the babel system

(/usr/local/texlive/2014basic/texmf-dist/tex/generic/babel/babel.def
File: babel.def 2014/09/25 3.9l Babel common definitions
\babel@savecnt=\count88
\U@D=\dimen103
)
\l@canadian = a dialect from \language\l@american 
\l@australian = a dialect from \language\l@british 
\l@newzealand = a dialect from \language\l@british 
))
(/usr/local/texlive/2014basic/texmf-dist/tex/latex/base/inputenc.sty
Package: inputenc 2014/04/30 v1.2b Input encoding file
\inpenc@prehook=\toks14
\inpenc@posthook=\toks15

(/usr/local/texlive/2014basic/texmf-dist/tex/latex/base/ansinew.def
File: ansinew.def 2014/04/30 v1.2b Input encoding file
))
(/usr/local/texlive/2014basic/texmf-dist/tex/latex/base/fontenc.sty
Package: fontenc 2005/09/27 v1.99g Standard LaTeX package

(/usr/local/texlive/2014basic/texmf-dist/tex/latex/base/t1enc.def
File: t1enc.def 2005/09/27 v1.99g Standard LaTeX file
LaTeX Font Info:    Redeclaring font encoding T1 on input line 43.
))
(/usr/local/texlive/2014basic/texmf-dist/tex/latex/apacite/apacite.sty
Package: apacite 2013/07/21 v6.03 APA citation
\c@BibCnt=\count89
\bibleftmargin=\skip43
\bibindent=\skip44
\bibparsep=\skip45
\bibitemsep=\skip46
\biblabelsep=\skip47
)
(/usr/local/texlive/2014basic/texmf-dist/tex/latex/graphics/graphicx.sty
Package: graphicx 2014/10/28 v1.0g Enhanced LaTeX Graphics (DPC,SPQR)

(/usr/local/texlive/2014basic/texmf-dist/tex/latex/graphics/keyval.sty
Package: keyval 2014/10/28 v1.15 key=value parser (DPC)
\KV@toks@=\toks16
)
(/usr/local/texlive/2014basic/texmf-dist/tex/latex/graphics/graphics.sty
Package: graphics 2014/10/28 v1.0p Standard LaTeX Graphics (DPC,SPQR)

(/usr/local/texlive/2014basic/texmf-dist/tex/latex/graphics/trig.sty
Package: trig 1999/03/16 v1.09 sin cos tan (DPC)
)
(/usr/local/texlive/2014basic/texmf-dist/tex/latex/latexconfig/graphics.cfg
File: graphics.cfg 2010/04/23 v1.9 graphics configuration of TeX Live
)
Package graphics Info: Driver file: pdftex.def on input line 91.

(/usr/local/texlive/2014basic/texmf-dist/tex/latex/pdftex-def/pdftex.def
File: pdftex.def 2011/05/27 v0.06d Graphics/color for pdfTeX

(/usr/local/texlive/2014basic/texmf-dist/tex/generic/oberdiek/infwarerr.sty
Package: infwarerr 2010/04/08 v1.3 Providing info/warning/error messages (HO)
)
(/usr/local/texlive/2014basic/texmf-dist/tex/generic/oberdiek/ltxcmds.sty
Package: ltxcmds 2011/11/09 v1.22 LaTeX kernel commands for general use (HO)
)
\Gread@gobject=\count90
))
\Gin@req@height=\dimen104
\Gin@req@width=\dimen105
)
(/usr/local/texlive/2014basic/texmf-dist/tex/latex/graphics/color.sty
Package: color 2014/10/28 v1.1a Standard LaTeX Color (DPC)

(/usr/local/texlive/2014basic/texmf-dist/tex/latex/latexconfig/color.cfg
File: color.cfg 2007/01/18 v1.5 color configuration of teTeX/TeXLive
)
Package color Info: Driver file: pdftex.def on input line 137.
)
(/usr/local/texlive/2014basic/texmf-dist/tex/latex/rotating/rotating.sty
Package: rotating 2009/03/28 v2.16a rotated objects in LaTeX

(/usr/local/texlive/2014basic/texmf-dist/tex/latex/base/ifthen.sty
Package: ifthen 2014/09/29 v1.1c Standard LaTeX ifthen package (DPC)
)
\c@r@tfl@t=\count91
\rotFPtop=\skip48
\rotFPbot=\skip49
\rot@float@box=\box26
\rot@mess@toks=\toks17
)
(/usr/local/texlive/2014basic/texmf-dist/tex/latex/subfigure/subfigure.sty
Package: subfigure 2002/03/15 v2.1.5 subfigure package
\subfigtopskip=\skip50
\subfigcapskip=\skip51
\subfigcaptopadj=\dimen106
\subfigbottomskip=\skip52
\subfigcapmargin=\dimen107
\subfiglabelskip=\skip53
\c@subfigure=\count92
\c@lofdepth=\count93
\c@subtable=\count94
\c@lotdepth=\count95

****************************************
* Local config file subfigure.cfg used *
****************************************
(/usr/local/texlive/2014basic/texmf-dist/tex/latex/subfigure/subfigure.cfg)
\subfig@top=\skip54
\subfig@bottom=\skip55
)
(/usr/local/texlive/2014basic/texmf-dist/tex/latex/tools/longtable.sty
Package: longtable 2014/10/28 v4.11 Multi-page Table package (DPC)
\LTleft=\skip56
\LTright=\skip57
\LTpre=\skip58
\LTpost=\skip59
\LTchunksize=\count96
\LTcapwidth=\dimen108
\LT@head=\box27
\LT@firsthead=\box28
\LT@foot=\box29
\LT@lastfoot=\box30
\LT@cols=\count97
\LT@rows=\count98
\c@LT@tables=\count99
\c@LT@chunks=\count100
\LT@p@ftn=\toks18
)
(/usr/local/texlive/2014basic/texmf-dist/tex/latex/psnfss/times.sty
Package: times 2005/04/12 PSNFSS-v9.2a (SPQR) 
)
(/usr/local/texlive/2014basic/texmf-dist/tex/latex/psnfss/mathptm.sty
Package: mathptm 2005/04/12 PSNFSS-v9.2a Times w/ Math (SPQR, WaS) 


Package mathptm Warning: This package is to be regarded as obsolete.
(mathptm)                See the PSNFSS documentation.

LaTeX Font Info:    Redeclaring symbol font `operators' on input line 31.
LaTeX Font Info:    Overwriting symbol font `operators' in version `normal'
(Font)                  OT1/cmr/m/n --> OT1/ptmcm/m/n on input line 31.
LaTeX Font Info:    Overwriting symbol font `operators' in version `bold'
(Font)                  OT1/cmr/bx/n --> OT1/ptmcm/m/n on input line 31.
LaTeX Font Info:    Redeclaring symbol font `letters' on input line 32.
LaTeX Font Info:    Overwriting symbol font `letters' in version `normal'
(Font)                  OML/cmm/m/it --> OML/ptmcm/m/it on input line 32.
LaTeX Font Info:    Overwriting symbol font `letters' in version `bold'
(Font)                  OML/cmm/b/it --> OML/ptmcm/m/it on input line 32.
LaTeX Font Info:    Redeclaring symbol font `symbols' on input line 33.
LaTeX Font Info:    Overwriting symbol font `symbols' in version `normal'
(Font)                  OMS/cmsy/m/n --> OMS/pzccm/m/n on input line 33.
LaTeX Font Info:    Overwriting symbol font `symbols' in version `bold'
(Font)                  OMS/cmsy/b/n --> OMS/pzccm/m/n on input line 33.
LaTeX Font Info:    Redeclaring symbol font `largesymbols' on input line 34.
LaTeX Font Info:    Overwriting symbol font `largesymbols' in version `normal'
(Font)                  OMX/cmex/m/n --> OMX/psycm/m/n on input line 34.
LaTeX Font Info:    Overwriting symbol font `largesymbols' in version `bold'
(Font)                  OMX/cmex/m/n --> OMX/psycm/m/n on input line 34.
\symbold=\mathgroup4
\symitalic=\mathgroup5
LaTeX Font Info:    Redeclaring math alphabet \mathbf on input line 37.
LaTeX Font Info:    Overwriting math alphabet `\mathbf' in version `normal'
(Font)                  OT1/cmr/bx/n --> OT1/ptm/bx/n on input line 37.
LaTeX Font Info:    Overwriting math alphabet `\mathbf' in version `bold'
(Font)                  OT1/cmr/bx/n --> OT1/ptm/bx/n on input line 37.
LaTeX Font Info:    Redeclaring math alphabet \mathit on input line 38.
LaTeX Font Info:    Overwriting math alphabet `\mathit' in version `normal'
(Font)                  OT1/cmr/m/it --> OT1/ptm/m/it on input line 38.
LaTeX Font Info:    Overwriting math alphabet `\mathit' in version `bold'
(Font)                  OT1/cmr/bx/it --> OT1/ptm/m/it on input line 38.
) (/usr/local/texlive/2014basic/texmf-dist/tex/latex/psnfss/courier.sty
Package: courier 2005/04/12 PSNFSS-v9.2a (WaS) 
)
(/usr/local/texlive/2014basic/texmf-dist/tex/latex/base/exscale.sty
Package: exscale 2014/09/29 v2.1h Standard LaTeX package exscale
LaTeX Font Info:    Redeclaring symbol font `largesymbols' on input line 52.
LaTeX Font Info:    Overwriting symbol font `largesymbols' in version `normal'
(Font)                  OMX/psycm/m/n --> OMX/cmex/m/n on input line 52.
LaTeX Font Info:    Overwriting symbol font `largesymbols' in version `bold'
(Font)                  OMX/psycm/m/n --> OMX/cmex/m/n on input line 52.
\big@size=\dimen109
)
(/usr/local/texlive/2014basic/texmf-dist/tex/latex/setspace/setspace.sty
Package: setspace 2011/12/19 v6.7a set line spacing
)
(/usr/local/texlive/2014basic/texmf-dist/tex/latex/tools/calc.sty
Package: calc 2014/10/28 v4.3 Infix arithmetic (KKT,FJ)
\calc@Acount=\count101
\calc@Bcount=\count102
\calc@Adimen=\dimen110
\calc@Bdimen=\dimen111
\calc@Askip=\skip60
\calc@Bskip=\skip61
LaTeX Info: Redefining \setlength on input line 75.
LaTeX Info: Redefining \addtolength on input line 76.
\calc@Ccount=\count103
\calc@Cskip=\skip62
)
(/usr/local/texlive/2014basic/texmf-dist/tex/latex/caption/caption.sty
Package: caption 2013/05/02 v3.3-89 Customizing captions (AR)

(/usr/local/texlive/2014basic/texmf-dist/tex/latex/caption/caption3.sty
Package: caption3 2013/05/02 v1.6-88 caption3 kernel (AR)
Package caption3 Info: TeX engine: e-TeX on input line 57.
\captionmargin=\dimen112
\captionmargin@=\dimen113
\captionwidth=\dimen114
\caption@tempdima=\dimen115
\caption@indent=\dimen116
\caption@parindent=\dimen117
\caption@hangindent=\dimen118
)
\c@ContinuedFloat=\count104
Package caption Info: longtable package is loaded.

(/usr/local/texlive/2014basic/texmf-dist/tex/latex/caption/ltcaption.sty
Package: ltcaption 2013/02/03 v1.3-62 longtable captions (AR)
)
Package caption Info: rotating package is loaded.
Package caption Info: subfigure package is loaded.
)
(/usr/local/texlive/2014basic/texmf-dist/tex/latex/tools/multicol.sty
Package: multicol 2014/10/28 v1.8i multicolumn formatting (FMi)
\c@tracingmulticols=\count105
\mult@box=\box31
\multicol@leftmargin=\dimen119
\c@unbalance=\count106
\c@collectmore=\count107
\doublecol@number=\count108
\multicoltolerance=\count109
\multicolpretolerance=\count110
\full@width=\dimen120
\page@free=\dimen121
\premulticols=\dimen122
\postmulticols=\dimen123
\multicolsep=\skip63
\multicolbaselineskip=\skip64
\partial@page=\box32
\last@line=\box33
\maxbalancingoverflow=\dimen124
\mult@rightbox=\box34
\mult@grightbox=\box35
\mult@gfirstbox=\box36
\mult@firstbox=\box37
\@tempa=\box38
\@tempa=\box39
\@tempa=\box40
\@tempa=\box41
\@tempa=\box42
\@tempa=\box43
\@tempa=\box44
\@tempa=\box45
\@tempa=\box46
\@tempa=\box47
\@tempa=\box48
\@tempa=\box49
\@tempa=\box50
\@tempa=\box51
\@tempa=\box52
\@tempa=\box53
\@tempa=\box54
\c@columnbadness=\count111
\c@finalcolumnbadness=\count112
\last@try=\dimen125
\multicolovershoot=\dimen126
\multicolundershoot=\dimen127
\mult@nat@firstbox=\box55
\colbreak@box=\box56
\mc@col@check@num=\count113
)
(/usr/local/texlive/2014basic/texmf-dist/tex/latex/booktabs/booktabs.sty
Package: booktabs 2005/04/14 v1.61803 publication quality tables
\heavyrulewidth=\dimen128
\lightrulewidth=\dimen129
\cmidrulewidth=\dimen130
\belowrulesep=\dimen131
\belowbottomsep=\dimen132
\aboverulesep=\dimen133
\abovetopsep=\dimen134
\cmidrulesep=\dimen135
\cmidrulekern=\dimen136
\defaultaddspace=\dimen137
\@cmidla=\count114
\@cmidlb=\count115
\@aboverulesep=\dimen138
\@belowrulesep=\dimen139
\@thisruleclass=\count116
\@lastruleclass=\count117
\@thisrulewidth=\dimen140
)
(/usr/local/texlive/2014basic/texmf-dist/tex/latex/tools/dcolumn.sty
Package: dcolumn 2014/10/28 v1.06 decimal alignment package (DPC)

(/usr/local/texlive/2014basic/texmf-dist/tex/latex/tools/array.sty
Package: array 2014/10/28 v2.4c Tabular extension package (FMi)
\col@sep=\dimen141
\extrarowheight=\dimen142
\NC@list=\toks19
\extratabsurround=\skip65
\backup@length=\skip66
))
(/usr/local/texlive/2014basic/texmf-dist/tex/latex/fancyhdr/fancyhdr.sty
\fancy@headwidth=\skip67
\f@ncyO@elh=\skip68
\f@ncyO@erh=\skip69
\f@ncyO@olh=\skip70
\f@ncyO@orh=\skip71
\f@ncyO@elf=\skip72
\f@ncyO@erf=\skip73
\f@ncyO@olf=\skip74
\f@ncyO@orf=\skip75
)
(/usr/local/texlive/2014basic/texmf-dist/tex/latex/siunitx/siunitx.sty
(/usr/local/texlive/2014basic/texmf-dist/tex/latex/l3kernel/expl3.sty
Package: expl3 2015/02/13 v5524 L3 programming layer (loader) 

(/usr/local/texlive/2014basic/texmf-dist/tex/latex/l3kernel/expl3-code.tex
Package: expl3 2015/02/13 v5524 L3 programming layer (code) 
L3 Module: l3bootstrap 2015/01/27 v5500 L3 Bootstrap code

(/usr/local/texlive/2014basic/texmf-dist/tex/latex/etex-pkg/etex.sty
Package: etex 1998/03/26 v2.0 eTeX basic definition package (PEB)
\et@xins=\count118
)
L3 Module: l3names 2014/08/22 v5343 L3 Namespace for primitives
L3 Module: l3basics 2015/01/27 v5500 L3 Basic definitions
L3 Module: l3expan 2014/11/27 v5472 L3 Argument expansion
L3 Module: l3tl 2015/01/27 v5500 L3 Token lists
L3 Module: l3str 2014/08/24 v5368 L3 Strings
L3 Module: l3seq 2014/08/23 v5354 L3 Sequences and stacks
L3 Module: l3int 2014/09/14 v5421 L3 Integers
\c_max_int=\count119
\l_tmpa_int=\count120
\l_tmpb_int=\count121
\g_tmpa_int=\count122
\g_tmpb_int=\count123
L3 Module: l3quark 2014/08/23 v5354 L3 Quarks
L3 Module: l3prg 2014/08/23 v5354 L3 Control structures
\g__prg_map_int=\count124
L3 Module: l3clist 2014/08/23 v5354 L3 Comma separated lists
L3 Module: l3token 2014/09/15 v5422 L3 Experimental token manipulation
L3 Module: l3prop 2014/08/23 v5354 L3 Property lists
L3 Module: l3msg 2014/08/24 v5358 L3 Messages
L3 Module: l3file 2014/08/24 v5369 L3 File and I/O operations
\l_iow_line_count_int=\count125
\l__iow_target_count_int=\count126
\l__iow_current_line_int=\count127
\l__iow_current_word_int=\count128
\l__iow_current_indentation_int=\count129
L3 Module: l3skip 2014/08/23 v5354 L3 Dimensions and skips
\c_zero_dim=\dimen143
\c_max_dim=\dimen144
\l_tmpa_dim=\dimen145
\l_tmpb_dim=\dimen146
\g_tmpa_dim=\dimen147
\g_tmpb_dim=\dimen148
\c_zero_skip=\skip76
\c_max_skip=\skip77
\l_tmpa_skip=\skip78
\l_tmpb_skip=\skip79
\g_tmpa_skip=\skip80
\g_tmpb_skip=\skip81
\c_zero_muskip=\muskip10
\c_max_muskip=\muskip11
\l_tmpa_muskip=\muskip12
\l_tmpb_muskip=\muskip13
\g_tmpa_muskip=\muskip14
\g_tmpb_muskip=\muskip15
L3 Module: l3keys 2015/01/27 v5500 L3 Key-value interfaces
\g__keyval_level_int=\count130
\l_keys_choice_int=\count131
L3 Module: l3fp 2014/08/22 v5336 L3 Floating points
\c__fp_leading_shift_int=\count132
\c__fp_middle_shift_int=\count133
\c__fp_trailing_shift_int=\count134
\c__fp_big_leading_shift_int=\count135
\c__fp_big_middle_shift_int=\count136
\c__fp_big_trailing_shift_int=\count137
\c__fp_Bigg_leading_shift_int=\count138
\c__fp_Bigg_middle_shift_int=\count139
\c__fp_Bigg_trailing_shift_int=\count140
L3 Module: l3box 2014/08/23 v5354 L3 Experimental boxes
\c_empty_box=\box57
\l_tmpa_box=\box58
\l_tmpb_box=\box59
\g_tmpa_box=\box60
\g_tmpb_box=\box61
L3 Module: l3coffins 2014/08/23 v5354 L3 Coffin code layer
\l__coffin_internal_box=\box62
\l__coffin_internal_dim=\dimen149
\l__coffin_offset_x_dim=\dimen150
\l__coffin_offset_y_dim=\dimen151
\l__coffin_x_dim=\dimen152
\l__coffin_y_dim=\dimen153
\l__coffin_x_prime_dim=\dimen154
\l__coffin_y_prime_dim=\dimen155
\c_empty_coffin=\box63
\l__coffin_aligned_coffin=\box64
\l__coffin_aligned_internal_coffin=\box65
\l_tmpa_coffin=\box66
\l_tmpb_coffin=\box67
\l__coffin_display_coffin=\box68
\l__coffin_display_coord_coffin=\box69
\l__coffin_display_pole_coffin=\box70
\l__coffin_display_offset_dim=\dimen156
\l__coffin_display_x_dim=\dimen157
\l__coffin_display_y_dim=\dimen158
L3 Module: l3color 2014/08/23 v5354 L3 Experimental color support
L3 Module: l3candidates 2015/02/12 v5523 L3 Experimental additions to l3kernel
\l__box_top_dim=\dimen159
\l__box_bottom_dim=\dimen160
\l__box_left_dim=\dimen161
\l__box_right_dim=\dimen162
\l__box_top_new_dim=\dimen163
\l__box_bottom_new_dim=\dimen164
\l__box_left_new_dim=\dimen165
\l__box_right_new_dim=\dimen166
\l__box_internal_box=\box71
\l__coffin_bounding_shift_dim=\dimen167
\l__coffin_left_corner_dim=\dimen168
\l__coffin_right_corner_dim=\dimen169
\l__coffin_bottom_corner_dim=\dimen170
\l__coffin_top_corner_dim=\dimen171
\l__coffin_scaled_total_height_dim=\dimen172
\l__coffin_scaled_width_dim=\dimen173
)
(/usr/local/texlive/2014basic/texmf-dist/tex/latex/l3kernel/l3unicode-data.def
File: l3unicode-data.def 2015/02/12 v5523 L3 Unicode data
) (/usr/local/texlive/2014basic/texmf-dist/tex/latex/l3kernel/l3pdfmode.def
File: l3pdfmode.def 2015/02/12 v5523 L3 Experimental driver: PDF mode
\l__driver_color_stack_int=\count141
))
(/usr/local/texlive/2014basic/texmf-dist/tex/latex/l3packages/xparse/xparse.sty
Package: xparse 2014/11/25 v5471 L3 Experimental document command parser
\l__xparse_current_arg_int=\count142
\l__xparse_m_args_int=\count143
\l__xparse_mandatory_args_int=\count144
\l__xparse_processor_int=\count145
\l__xparse_v_nesting_int=\count146
)
Package: siunitx 2015/01/21 v2.6e A comprehensive (SI) units package
 (/usr/local/texlive/2014basic/texmf-dist/tex/latex/amsmath/amstext.sty
Package: amstext 2000/06/29 v2.01

(/usr/local/texlive/2014basic/texmf-dist/tex/latex/amsmath/amsgen.sty
File: amsgen.sty 1999/11/30 v2.0
\@emptytoks=\toks20
\ex@=\dimen174
))
(/usr/local/texlive/2014basic/texmf-dist/tex/latex/l3packages/l3keys2e/l3keys2e
.sty
Package: l3keys2e 2014/11/25 v5471 LaTeX2e option processing using LaTeX3 keys
)
Variant \tl_if_blank:VTF already defined; not changing it on line 50
\l__siunitx_tmp_box=\box72
\l__siunitx_tmp_dim=\dimen175
\l__siunitx_tmp_int=\count147
Variant \prop_get:NVNT already defined; not changing it on line 380
Variant \prop_get:NVNF already defined; not changing it on line 381
Variant \prop_get:NVNTF already defined; not changing it on line 382
\l__siunitx_number_mantissa_length_int=\count148
\l__siunitx_number_uncert_length_int=\count149
\l__siunitx_round_int=\count150
\l__siunitx_process_decimal_int=\count151
\l__siunitx_process_uncertainty_int=\count152
\l__siunitx_process_fixed_int=\count153
\l__siunitx_process_integer_min_int=\count154
\l__siunitx_process_precision_int=\count155
\l__siunitx_group_min_int=\count156
\l__siunitx_angle_marker_box=\box73
\l__siunitx_angle_unit_box=\box74
\l__siunitx_angle_marker_dim=\dimen176
\l__siunitx_angle_unit_dim=\dimen177
\l__siunitx_unit_int=\count157
\l__siunitx_unit_denominator_int=\count158
\l__siunitx_unit_numerator_int=\count159
\l__siunitx_unit_prefix_int=\count160
\l__siunitx_unit_prefix_base_int=\count161
\l__siunitx_unit_prefix_gram_int=\count162
\l__siunitx_number_product_int=\count163
\c__siunitx_one_fill_skip=\skip82
\l__siunitx_table_unit_align_skip=\skip83
\l__siunitx_table_exponent_dim=\dimen178
\l__siunitx_table_integer_dim=\dimen179
\l__siunitx_table_mantissa_dim=\dimen180
\l__siunitx_table_marker_dim=\dimen181
\l__siunitx_table_result_dim=\dimen182
\l__siunitx_table_uncert_dim=\dimen183
\l__siunitx_table_fill_pre_dim=\dimen184
\l__siunitx_table_fill_post_dim=\dimen185
\l__siunitx_table_fill_mid_dim=\dimen186
\l__siunitx_table_pre_box=\box75
\l__siunitx_table_post_box=\box76
\l__siunitx_table_mantissa_box=\box77
\l__siunitx_table_result_box=\box78
\l__siunitx_table_number_align_skip=\skip84
\l__siunitx_table_text_align_skip=\skip85
.................................................
. LaTeX info: "xparse/define-command"
. 
. Defining command \DeclareBinaryPrefix with sig. 'mmm' on line 7176.
.................................................
.................................................
. LaTeX info: "xparse/define-command"
. 
. Defining command \DeclareSIPostPower with sig. 'mm' on line 7179.
.................................................
.................................................
. LaTeX info: "xparse/define-command"
. 
. Defining command \DeclareSIPrefix with sig. 'mmm' on line 7182.
.................................................
.................................................
. LaTeX info: "xparse/define-command"
. 
. Defining command \DeclareSIPrePower with sig. 'mm' on line 7185.
.................................................
.................................................
. LaTeX info: "xparse/define-command"
. 
. Defining command \DeclareSIQualifier with sig. 'mm' on line 7188.
.................................................
.................................................
. LaTeX info: "xparse/define-command"
. 
. Defining command \DeclareSIUnit with sig. 'O{}mm' on line 7191.
.................................................
.................................................
. LaTeX info: "xparse/define-command"
. 
. Defining command \DeclareSIUnitWithOptions with sig. 'mmm' on line 7194.
.................................................
.................................................
. LaTeX info: "xparse/define-command"
. 
. Defining command \ang with sig. 'o>{\SplitArgument {2}{;}}m' on line 7209.
.................................................
.................................................
. LaTeX info: "xparse/define-command"
. 
. Defining command \num with sig. 'om' on line 7217.
.................................................
.................................................
. LaTeX info: "xparse/define-command"
. 
. Defining command \numlist with sig. 'o>{\SplitList {;}}m' on line 7225.
.................................................
.................................................
. LaTeX info: "xparse/define-command"
. 
. Defining command \numrange with sig. 'omm' on line 7233.
.................................................
.................................................
. LaTeX info: "xparse/define-command"
. 
. Defining command \SIlist with sig. 'o>{\SplitList {;}}mm' on line 7244.
.................................................
.................................................
. LaTeX info: "xparse/define-command"
. 
. Defining command \SIrange with sig. 'ommm' on line 7255.
.................................................
.................................................
. LaTeX info: "xparse/define-command"
. 
. Defining command \SI with sig. 'omom' on line 7266.
.................................................
.................................................
. LaTeX info: "xparse/define-command"
. 
. Defining command \sisetup with sig. 'm' on line 7269.
.................................................
.................................................
. LaTeX info: "xparse/define-command"
. 
. Defining command \tablenum with sig. 'om' on line 7281.
.................................................
.................................................
. LaTeX info: "xparse/define-command"
. 
. Defining command \si with sig. 'om' on line 7292.
.................................................
.................................................
. LaTeX info: "xparse/define-command"
. 
. Defining command \__siunitx_bookmark_num:w with sig. 'om' on line 7339.
.................................................
.................................................
. LaTeX info: "xparse/define-command"
. 
. Defining command \__siunitx_bookmark_numrange:w with sig. 'omm' on line
. 7341.
.................................................
.................................................
. LaTeX info: "xparse/define-command"
. 
. Defining command \__siunitx_bookmark_SI:w with sig. 'omom' on line 7343.
.................................................
.................................................
. LaTeX info: "xparse/define-command"
. 
. Defining command \__siunitx_bookmark_SIlist:w with sig. 'omm' on line 7345.
.................................................
.................................................
. LaTeX info: "xparse/define-command"
. 
. Defining command \__siunitx_bookmark_SIrange:w with sig. 'ommm' on line
. 7347.
.................................................
.................................................
. LaTeX info: "xparse/define-command"
. 
. Defining command \__siunitx_bookmark_si:w with sig. 'om' on line 7348.
.................................................
\g__file_internal_ior=\read1

(/usr/local/texlive/2014basic/texmf-dist/tex/latex/beamer/translator/translator
.sty
Package: translator 2010/06/12 ver 1.10

(/usr/local/texlive/2014basic/texmf-dist/tex/latex/beamer/translator/translator
-language-mappings.tex)))
(/usr/local/texlive/2014basic/texmf-dist/tex/latex/geometry/geometry.sty
Package: geometry 2010/09/12 v5.6 Page Geometry

(/usr/local/texlive/2014basic/texmf-dist/tex/generic/oberdiek/ifpdf.sty
Package: ifpdf 2011/01/30 v2.3 Provides the ifpdf switch (HO)
Package ifpdf Info: pdfTeX in PDF mode is detected.
)
(/usr/local/texlive/2014basic/texmf-dist/tex/generic/oberdiek/ifvtex.sty
Package: ifvtex 2010/03/01 v1.5 Detect VTeX and its facilities (HO)
Package ifvtex Info: VTeX not detected.
)
(/usr/local/texlive/2014basic/texmf-dist/tex/generic/ifxetex/ifxetex.sty
Package: ifxetex 2010/09/12 v0.6 Provides ifxetex conditional
)
\Gm@cnth=\count164
\Gm@cntv=\count165
\c@Gm@tempcnt=\count166
\Gm@bindingoffset=\dimen187
\Gm@wd@mp=\dimen188
\Gm@odd@mp=\dimen189
\Gm@even@mp=\dimen190
\Gm@layoutwidth=\dimen191
\Gm@layoutheight=\dimen192
\Gm@layouthoffset=\dimen193
\Gm@layoutvoffset=\dimen194
\Gm@dimlist=\toks21
)
(/usr/local/texlive/2014basic/texmf-dist/tex/generic/german/german.sty
v2.5e 1998-07-08
Package: german 1998/07/08 v2.5e Support for writing german texts (br)
\grmnU@D=\dimen195
LaTeX Info: Redefining \glqq on input line 251.
LaTeX Info: Redefining \glq on input line 264.
LaTeX Info: Redefining \flqq on input line 277.
LaTeX Info: Redefining \frqq on input line 285.
LaTeX Info: Redefining \flq on input line 293.
LaTeX Info: Redefining \frq on input line 300.
german -- \language number for Austrian undefined, default 11 used.
)
(/usr/local/texlive/2014basic/texmf-dist/tex/latex/eurosym/eurosym.sty
Package: eurosym 1998/08/06 v1.1 European currency symbol ``Euro''
\@eurobox=\box79
)
(./dissertation.aux

LaTeX Warning: Label `4.3.activity.adults.ventral' multiply defined.

)
\openout1 = `dissertation.aux'.

LaTeX Font Info:    Checking defaults for OML/cmm/m/it on input line 123.
LaTeX Font Info:    ... okay on input line 123.
LaTeX Font Info:    Checking defaults for T1/cmr/m/n on input line 123.
LaTeX Font Info:    ... okay on input line 123.
LaTeX Font Info:    Checking defaults for OT1/cmr/m/n on input line 123.
LaTeX Font Info:    ... okay on input line 123.
LaTeX Font Info:    Checking defaults for OMS/cmsy/m/n on input line 123.
LaTeX Font Info:    ... okay on input line 123.
LaTeX Font Info:    Checking defaults for OMX/cmex/m/n on input line 123.
LaTeX Font Info:    ... okay on input line 123.
LaTeX Font Info:    Checking defaults for U/cmr/m/n on input line 123.
LaTeX Font Info:    ... okay on input line 123.
LaTeX Font Info:    Try loading font information for T1+ptm on input line 123.
 (/usr/local/texlive/2014basic/texmf-dist/tex/latex/psnfss/t1ptm.fd
File: t1ptm.fd 2001/06/04 font definitions for T1/ptm.
)
\c@maskedRefs=\count167

(/usr/local/texlive/2014basic/texmf-dist/tex/latex/apacite/english.apc
File: english.apc 2013/07/21 v6.03 apacite language file
LaTeX Info: Redefining \BPBI on input line 129.
LaTeX Info: Redefining \BHBI on input line 130.
)
(/usr/local/texlive/2014basic/texmf-dist/tex/context/base/supp-pdf.mkii
[Loading MPS to PDF converter (version 2006.09.02).]
\scratchcounter=\count168
\scratchdimen=\dimen196
\scratchbox=\box80
\nofMPsegments=\count169
\nofMParguments=\count170
\everyMPshowfont=\toks22
\MPscratchCnt=\count171
\MPscratchDim=\dimen197
\MPnumerator=\count172
\makeMPintoPDFobject=\count173
\everyMPtoPDFconversion=\toks23
) (/usr/local/texlive/2014basic/texmf-dist/tex/generic/oberdiek/pdftexcmds.sty
Package: pdftexcmds 2011/11/29 v0.20 Utility functions of pdfTeX for LuaTeX (HO
)

(/usr/local/texlive/2014basic/texmf-dist/tex/generic/oberdiek/ifluatex.sty
Package: ifluatex 2010/03/01 v1.3 Provides the ifluatex switch (HO)
Package ifluatex Info: LuaTeX not detected.
)
Package pdftexcmds Info: LuaTeX not detected.
Package pdftexcmds Info: \pdf@primitive is available.
Package pdftexcmds Info: \pdf@ifprimitive is available.
Package pdftexcmds Info: \pdfdraftmode found.
)
(/usr/local/texlive/2014basic/texmf-dist/tex/latex/oberdiek/epstopdf-base.sty
Package: epstopdf-base 2010/02/09 v2.5 Base part for package epstopdf

(/usr/local/texlive/2014basic/texmf-dist/tex/latex/oberdiek/grfext.sty
Package: grfext 2010/08/19 v1.1 Manage graphics extensions (HO)

(/usr/local/texlive/2014basic/texmf-dist/tex/generic/oberdiek/kvdefinekeys.sty
Package: kvdefinekeys 2011/04/07 v1.3 Define keys (HO)
)) (/usr/local/texlive/2014basic/texmf-dist/tex/latex/oberdiek/kvoptions.sty
Package: kvoptions 2011/06/30 v3.11 Key value format for package options (HO)

(/usr/local/texlive/2014basic/texmf-dist/tex/generic/oberdiek/kvsetkeys.sty
Package: kvsetkeys 2012/04/25 v1.16 Key value parser (HO)

(/usr/local/texlive/2014basic/texmf-dist/tex/generic/oberdiek/etexcmds.sty
Package: etexcmds 2011/02/16 v1.5 Avoid name clashes with e-TeX commands (HO)
Package etexcmds Info: Could not find \expanded.
(etexcmds)             That can mean that you are not using pdfTeX 1.50 or
(etexcmds)             that some package has redefined \expanded.
(etexcmds)             In the latter case, load this package earlier.
)))
Package grfext Info: Graphics extension search list:
(grfext)             [.png,.pdf,.jpg,.mps,.jpeg,.jbig2,.jb2,.PNG,.PDF,.JPG,.JPE
G,.JBIG2,.JB2,.eps]
(grfext)             \AppendGraphicsExtensions on input line 452.

(/usr/local/texlive/2014basic/texmf-dist/tex/latex/latexconfig/epstopdf-sys.cfg
File: epstopdf-sys.cfg 2010/07/13 v1.3 Configuration of (r)epstopdf for TeX Liv
e
))
\big@size=\dimen198
Package caption Info: Begin \AtBeginDocument code.
Package caption Info: End \AtBeginDocument code.

(/usr/local/texlive/2014basic/texmf-dist/tex/latex/beamer/translator/dicts/tran
slator-basic-dictionary/translator-basic-dictionary-English.dict
Dictionary: translator-basic-dictionary, Language: English 
)
(/usr/local/texlive/2014basic/texmf-dist/tex/latex/siunitx/siunitx-abbreviation
s.cfg
File: siunitx-abbreviations.cfg 2015/01/21 v2.6e siunitx: Abbreviated units
)
*geometry* driver: auto-detecting
*geometry* detected driver: pdftex
*geometry* verbose mode - [ preamble ] result:
* driver: pdftex
* paper: a4paper
* layout: <same size as paper>
* layoutoffset:(h,v)=(0.0pt,0.0pt)
* modes: includehead includefoot twoside 
* h-part:(L,W,R)=(113.81102pt, 398.3386pt, 85.35826pt)
* v-part:(T,H,B)=(85.35826pt, 674.33032pt, 85.35826pt)
* \paperwidth=597.50787pt
* \paperheight=845.04684pt
* \textwidth=398.3386pt
* \textheight=614.99358pt
* \oddsidemargin=41.54103pt
* \evensidemargin=13.08827pt
* \topmargin=13.08827pt
* \headheight=12.0pt
* \headsep=19.8738pt
* \topskip=11.0pt
* \footskip=27.46295pt
* \marginparwidth=106.0pt
* \marginparsep=7.0pt
* \columnsep=10.0pt
* \skip\footins=10.0pt plus 4.0pt minus 2.0pt
* \hoffset=0.0pt
* \voffset=0.0pt
* \mag=1000
* \@twocolumnfalse
* \@twosidetrue
* \@mparswitchtrue
* \@reversemarginfalse
* (1in=72.27pt=25.4mm, 1cm=28.453pt)

\c__siunitx_mathsf_int=\count174
LaTeX Font Info:    Try loading font information for OT1+ptmcm on input line 12
3.
(/usr/local/texlive/2014basic/texmf-dist/tex/latex/psnfss/ot1ptmcm.fd
File: ot1ptmcm.fd 2000/01/03 Fontinst v1.801 font definitions for OT1/ptmcm.
)
LaTeX Font Info:    Try loading font information for OML+ptmcm on input line 12
3.

(/usr/local/texlive/2014basic/texmf-dist/tex/latex/psnfss/omlptmcm.fd
File: omlptmcm.fd 2000/01/03 Fontinst v1.801 font definitions for OML/ptmcm.
)
LaTeX Font Info:    Try loading font information for OMS+pzccm on input line 12
3.

(/usr/local/texlive/2014basic/texmf-dist/tex/latex/psnfss/omspzccm.fd
File: omspzccm.fd 2000/01/03 Fontinst v1.801 font definitions for OMS/pzccm.
)
LaTeX Font Info:    External font `cmex7' loaded for size
(Font)              <6> on input line 123.
LaTeX Font Info:    Try loading font information for OT1+ptm on input line 123.


(/usr/local/texlive/2014basic/texmf-dist/tex/latex/psnfss/ot1ptm.fd
File: ot1ptm.fd 2001/06/04 font definitions for OT1/ptm.
)
LaTeX Font Info:    Font shape `OT1/ptm/bx/n' in size <10.95> not available
(Font)              Font shape `OT1/ptm/b/n' tried instead on input line 123.
LaTeX Font Info:    Font shape `OT1/ptm/bx/n' in size <8> not available
(Font)              Font shape `OT1/ptm/b/n' tried instead on input line 123.
LaTeX Font Info:    Font shape `OT1/ptm/bx/n' in size <6> not available
(Font)              Font shape `OT1/ptm/b/n' tried instead on input line 123.
\c__siunitx_mathtt_int=\count175

(./chapter/Titlepage.tex
Overfull \hbox (14.22636pt too wide) in paragraph at lines 14--14
 [] 
 []


Overfull \hbox (14.22636pt too wide) in paragraph at lines 17--19
 [] 
 []

[1


{/usr/local/texlive/2014basic/texmf-var/fonts/map/pdftex/updmap/pdftex.map}]
LaTeX Font Info:    Try loading font information for OMS+ptm on input line 31.

(/usr/local/texlive/2014basic/texmf-dist/tex/latex/psnfss/omsptm.fd
File: omsptm.fd 
)
LaTeX Font Info:    Font shape `OMS/ptm/m/n' in size <9> not available
(Font)              Font shape `OMS/cmsy/m/n' tried instead on input line 31.
 [2

]
[3

] [4

])
LaTeX Font Info:    Font shape `T1/ptm/bx/n' in size <24.88> not available
(Font)              Font shape `T1/ptm/b/n' tried instead on input line 170.
 (./dissertation.toc
LaTeX Font Info:    Font shape `T1/ptm/bx/n' in size <10.95> not available
(Font)              Font shape `T1/ptm/b/n' tried instead on input line 1.
 [1




])
\tf@toc=\write3
\openout3 = `dissertation.toc'.



Package Fancyhdr Warning: \headheight is too small (12.0pt): 
 Make it at least 13.59999pt.
 We now make it that large for the rest of the document.
 This may cause the page layout to be inconsistent, however.

[2] (./chapter/Introduction.tex
Chapter 1.
LaTeX Font Info:    Font shape `T1/ptm/bx/n' in size <20.74> not available
(Font)              Font shape `T1/ptm/b/n' tried instead on input line 2.
LaTeX Font Info:    Font shape `T1/ptm/bx/n' in size <14.4> not available
(Font)              Font shape `T1/ptm/b/n' tried instead on input line 4.
LaTeX Font Info:    Font shape `T1/ptm/bx/n' in size <12> not available
(Font)              Font shape `T1/ptm/b/n' tried instead on input line 6.

Underfull \vbox (badness 1845) has occurred while \output is active []

 [1


]

LaTeX Warning: Citation `1.1.firstDiffusion' undefined on input line 27.

<pics/1_1_myelin_sheath.jpg, id=28, 123.3408pt x 70.94505pt>
File: pics/1_1_myelin_sheath.jpg Graphic file (type jpg)

<use pics/1_1_myelin_sheath.jpg>
Package pdftex.def Info: pics/1_1_myelin_sheath.jpg used on input line 45.
(pdftex.def)             Requested size: 298.75394pt x 171.88022pt.
LaTeX Font Info:    Font shape `OMS/ptm/m/it' in size <10> not available
(Font)              Font shape `OMS/cmsy/m/n' tried instead on input line 46.
LaTeX Font Info:    Font shape `OMS/ptm/m/n' in size <10> not available
(Font)              Font shape `OMS/cmsy/m/n' tried instead on input line 46.


LaTeX Warning: `h' float specifier changed to `ht'.

LaTeX Font Info:    Try loading font information for TS1+ptm on input line 51.
(/usr/local/texlive/2014basic/texmf-dist/tex/latex/psnfss/ts1ptm.fd
File: ts1ptm.fd 2001/06/04 font definitions for TS1/ptm.
)

Package Fancyhdr Warning: \headheight is too small (12.0pt): 
 Make it at least 13.59999pt.
 We now make it that large for the rest of the document.
 This may cause the page layout to be inconsistent, however.

[2]

Package Fancyhdr Warning: \headheight is too small (12.0pt): 
 Make it at least 13.59999pt.
 We now make it that large for the rest of the document.
 This may cause the page layout to be inconsistent, however.

[3 <./pics/1_1_myelin_sheath.jpg>]
Underfull \hbox (badness 1389) in paragraph at lines 105--109
\T1/ptm/m/n/10.95 Lon-gi-tu-di-nal Fas-ci-cu-lus (AF/SLF; Friederici, 2011; Mey
er, Obleser, An-wan-der, &
 []


Package Fancyhdr Warning: \headheight is too small (12.0pt): 
 Make it at least 13.59999pt.
 We now make it that large for the rest of the document.
 This may cause the page layout to be inconsistent, however.

[4]
LaTeX Font Info:    Font shape `OMS/ptm/m/n' in size <10.95> not available
(Font)              Font shape `OMS/cmsy/m/n' tried instead on input line 120.

Underfull \hbox (badness 1394) in paragraph at lines 120--121
[]\T1/ptm/m/n/10.95 ^^Phierarchy con-struc-tion might be sup-ported by left in-
fe-rior frontal (par-tic-u-larly
 []


Underfull \vbox (badness 2057) has occurred while \output is active []



Package Fancyhdr Warning: \headheight is too small (12.0pt): 
 Make it at least 13.59999pt.
 We now make it that large for the rest of the document.
 This may cause the page layout to be inconsistent, however.

[5]

Package Fancyhdr Warning: \headheight is too small (12.0pt): 
 Make it at least 13.59999pt.
 We now make it that large for the rest of the document.
 This may cause the page layout to be inconsistent, however.

[6]

Package Fancyhdr Warning: \headheight is too small (12.0pt): 
 Make it at least 13.59999pt.
 We now make it that large for the rest of the document.
 This may cause the page layout to be inconsistent, however.

[7]
LaTeX Font Info:    External font `cmex7' loaded for size
(Font)              <7> on input line 280.
LaTeX Font Info:    External font `cmex7' loaded for size
(Font)              <5> on input line 280.
LaTeX Font Info:    Font shape `OT1/ptm/bx/n' in size <9> not available
(Font)              Font shape `OT1/ptm/b/n' tried instead on input line 280.
LaTeX Font Info:    Font shape `OT1/ptm/bx/n' in size <7> not available
(Font)              Font shape `OT1/ptm/b/n' tried instead on input line 280.
LaTeX Font Info:    Font shape `OT1/ptm/bx/n' in size <5> not available
(Font)              Font shape `OT1/ptm/b/n' tried instead on input line 280.


Package Fancyhdr Warning: \headheight is too small (12.0pt): 
 Make it at least 13.59999pt.
 We now make it that large for the rest of the document.
 This may cause the page layout to be inconsistent, however.

[8]

Package Fancyhdr Warning: \headheight is too small (12.0pt): 
 Make it at least 13.59999pt.
 We now make it that large for the rest of the document.
 This may cause the page layout to be inconsistent, however.

[9]
! Misplaced alignment tab character &.
<argument> Kriegeskorte\ \BBA {} &
                                  ~Bandettini
l.342 ...'double dipping"' \cite{1.5.Kriegeskorte}
                                                  .
I can't figure out why you would want to use a tab mark
here. If you just want an ampersand, the remedy is
simple: Just type `I\&' now. But if some right brace
up above has ended a previous alignment prematurely,
you're probably due for more error messages, and you
might try typing `S' now just to see what is salvageable.


Package Fancyhdr Warning: \headheight is too small (12.0pt): 
 Make it at least 13.59999pt.
 We now make it that large for the rest of the document.
 This may cause the page layout to be inconsistent, however.

[10]

Package Fancyhdr Warning: \headheight is too small (12.0pt): 
 Make it at least 13.59999pt.
 We now make it that large for the rest of the document.
 This may cause the page layout to be inconsistent, however.

[11]

Package Fancyhdr Warning: \headheight is too small (12.0pt): 
 Make it at least 13.59999pt.
 We now make it that large for the rest of the document.
 This may cause the page layout to be inconsistent, however.

[12]) (./chapter/Pilotstudy.tex

Package Fancyhdr Warning: \headheight is too small (12.0pt): 
 Make it at least 13.59999pt.
 We now make it that large for the rest of the document.
 This may cause the page layout to be inconsistent, however.

[13]

Package Fancyhdr Warning: \headheight is too small (12.0pt): 
 Make it at least 13.59999pt.
 We now make it that large for the rest of the document.
 This may cause the page layout to be inconsistent, however.

[14]
Chapter 2.
[15

] <pics/2_screen.png, id=78, 433.62pt x 325.215pt>
File: pics/2_screen.png Graphic file (type png)
 <use pics/2_screen.png>
Package pdftex.def Info: pics/2_screen.png used on input line 50.
(pdftex.def)             Requested size: 298.75394pt x 224.07603pt.

Underfull \vbox (badness 5924) has occurred while \output is active []



Package Fancyhdr Warning: \headheight is too small (12.0pt): 
 Make it at least 13.59999pt.
 We now make it that large for the rest of the document.
 This may cause the page layout to be inconsistent, however.

[16 <./pics/2_screen.png>] <pics/2_RTgraph.png, id=82, 544.434pt x 502.5174pt>
File: pics/2_RTgraph.png Graphic file (type png)

<use pics/2_RTgraph.png>
Package pdftex.def Info: pics/2_RTgraph.png used on input line 123.
(pdftex.def)             Requested size: 179.25114pt x 165.44786pt.
 <pics/2_RAgraph.png, id=84, 546.3612pt x 502.5174pt>
File: pics/2_RAgraph.png Graphic file (type png)

<use pics/2_RAgraph.png>
Package pdftex.def Info: pics/2_RAgraph.png used on input line 124.
(pdftex.def)             Requested size: 179.25114pt x 164.8651pt.


LaTeX Warning: `h' float specifier changed to `ht'.


Package Fancyhdr Warning: \headheight is too small (12.0pt): 
 Make it at least 13.59999pt.
 We now make it that large for the rest of the document.
 This may cause the page layout to be inconsistent, however.

[17]

Package Fancyhdr Warning: \headheight is too small (12.0pt): 
 Make it at least 13.59999pt.
 We now make it that large for the rest of the document.
 This may cause the page layout to be inconsistent, however.

[18 <./pics/2_RTgraph.png> <./pics/2_RAgraph.png>]

LaTeX Warning: Reference `2.1.sentences' on page 19 undefined on input line 194
.

) (./chapter/Methods.tex

Package Fancyhdr Warning: \headheight is too small (12.0pt): 
 Make it at least 13.59999pt.
 We now make it that large for the rest of the document.
 This may cause the page layout to be inconsistent, however.

[19]

Package Fancyhdr Warning: \headheight is too small (12.0pt): 
 Make it at least 13.59999pt.
 We now make it that large for the rest of the document.
 This may cause the page layout to be inconsistent, however.

[20]
Chapter 3.
[21

]

Package Fancyhdr Warning: \headheight is too small (12.0pt): 
 Make it at least 13.59999pt.
 We now make it that large for the rest of the document.
 This may cause the page layout to be inconsistent, however.

[22] <pics/3_1_screen.png, id=106, 433.62pt x 325.215pt>
File: pics/3_1_screen.png Graphic file (type png)

<use pics/3_1_screen.png>
Package pdftex.def Info: pics/3_1_screen.png used on input line 90.
(pdftex.def)             Requested size: 199.1693pt x 149.3774pt.

<pics/3_1_activities.png, id=107, 2492.31125pt x 380.42125pt>
File: pics/3_1_activities.png Graphic file (type png)

<use pics/3_1_activities.png>
Package pdftex.def Info: pics/3_1_activities.png used on input line 101.
(pdftex.def)             Requested size: 394.35739pt x 60.18948pt.

<pics/3_1_feedback.png, id=108, 433.62pt x 325.215pt>
File: pics/3_1_feedback.png Graphic file (type png)

<use pics/3_1_feedback.png>
Package pdftex.def Info: pics/3_1_feedback.png used on input line 116.
(pdftex.def)             Requested size: 199.1693pt x 149.3774pt.


LaTeX Warning: `h' float specifier changed to `ht'.

<pics/3_1_clusterfeedback.png, id=109, 1027.84pt x 770.88pt>
File: pics/3_1_clusterfeedback.png Graphic file (type png)

<use pics/3_1_clusterfeedback.png>
Package pdftex.def Info: pics/3_1_clusterfeedback.png used on input line 129.
(pdftex.def)             Requested size: 199.1693pt x 149.3741pt.


Package Fancyhdr Warning: \headheight is too small (12.0pt): 
 Make it at least 13.59999pt.
 We now make it that large for the rest of the document.
 This may cause the page layout to be inconsistent, however.

[23 <./pics/3_1_screen.png> <./pics/3_1_activities.png>]
<pics/3_1_feedbackGraphAccuracy.png, id=113, 854.19125pt x 621.32124pt>
File: pics/3_1_feedbackGraphAccuracy.png Graphic file (type png)

<use pics/3_1_feedbackGraphAccuracy.png>
Package pdftex.def Info: pics/3_1_feedbackGraphAccuracy.png used on input line 
137.
(pdftex.def)             Requested size: 179.25114pt x 130.37701pt.

<pics/3_1_feedbackGraphRT.png, id=114, 854.19125pt x 621.32124pt>
File: pics/3_1_feedbackGraphRT.png Graphic file (type png)

<use pics/3_1_feedbackGraphRT.png>
Package pdftex.def Info: pics/3_1_feedbackGraphRT.png used on input line 138.
(pdftex.def)             Requested size: 179.25114pt x 130.37701pt.


LaTeX Warning: `h' float specifier changed to `ht'.


Package Fancyhdr Warning: \headheight is too small (12.0pt): 
 Make it at least 13.59999pt.
 We now make it that large for the rest of the document.
 This may cause the page layout to be inconsistent, however.

[24 <./pics/3_1_feedback.png> <./pics/3_1_clusterfeedback.png>]
Underfull \vbox (badness 1442) has occurred while \output is active []



Package Fancyhdr Warning: \headheight is too small (12.0pt): 
 Make it at least 13.59999pt.
 We now make it that large for the rest of the document.
 This may cause the page layout to be inconsistent, however.

[25 <./pics/3_1_feedbackGraphAccuracy.png (PNG copy)> <./pics/3_1_feedbackGraph
RT.png (PNG copy)>]
LaTeX Font Info:    Font shape `OMS/ptm/m/n' in size <8> not available
(Font)              Font shape `OMS/cmsy/m/n' tried instead on input line 194.


LaTeX Warning: Command \textdegree invalid in math mode on input line 210.


LaTeX Warning: Command \textdegree invalid in math mode on input line 212.


Package Fancyhdr Warning: \headheight is too small (12.0pt): 
 Make it at least 13.59999pt.
 We now make it that large for the rest of the document.
 This may cause the page layout to be inconsistent, however.

[26]

Package Fancyhdr Warning: \headheight is too small (12.0pt): 
 Make it at least 13.59999pt.
 We now make it that large for the rest of the document.
 This may cause the page layout to be inconsistent, however.

[27] <pics/3_3_occipital_sensors.png, id=130, 569.7285pt x 569.7285pt>
File: pics/3_3_occipital_sensors.png Graphic file (type png)

<use pics/3_3_occipital_sensors.png>
Package pdftex.def Info: pics/3_3_occipital_sensors.png used on input line 291.

(pdftex.def)             Requested size: 95.60344pt x 95.60072pt.

<pics/3_3_parietal_sensors.png, id=131, 569.7285pt x 569.7285pt>
File: pics/3_3_parietal_sensors.png Graphic file (type png)

<use pics/3_3_parietal_sensors.png>
Package pdftex.def Info: pics/3_3_parietal_sensors.png used on input line 292.
(pdftex.def)             Requested size: 95.60344pt x 95.60072pt.

<pics/3_3_temporal_sensors.png, id=132, 569.7285pt x 569.7285pt>
File: pics/3_3_temporal_sensors.png Graphic file (type png)

<use pics/3_3_temporal_sensors.png>
Package pdftex.def Info: pics/3_3_temporal_sensors.png used on input line 293.
(pdftex.def)             Requested size: 95.60344pt x 95.60072pt.

<pics/3_3_frontal_sensors.png, id=133, 569.7285pt x 569.7285pt>
File: pics/3_3_frontal_sensors.png Graphic file (type png)

<use pics/3_3_frontal_sensors.png>
Package pdftex.def Info: pics/3_3_frontal_sensors.png used on input line 294.
(pdftex.def)             Requested size: 95.60344pt x 95.60072pt.


Package Fancyhdr Warning: \headheight is too small (12.0pt): 
 Make it at least 13.59999pt.
 We now make it that large for the rest of the document.
 This may cause the page layout to be inconsistent, however.

[28]

Package Fancyhdr Warning: \headheight is too small (12.0pt): 
 Make it at least 13.59999pt.
 We now make it that large for the rest of the document.
 This may cause the page layout to be inconsistent, however.

[29 <./pics/3_3_occipital_sensors.png (PNG copy)> <./pics/3_3_parietal_sensors.
png (PNG copy)> <./pics/3_3_temporal_sensors.png (PNG copy)> <./pics/3_3_fronta
l_sensors.png (PNG copy)>]
<pics/dh55a-pial-lh.png, id=140, 1686.3pt x 1028.84375pt>
File: pics/dh55a-pial-lh.png Graphic file (type png)

<use pics/dh55a-pial-lh.png>
Package pdftex.def Info: pics/dh55a-pial-lh.png used on input line 367.
(pdftex.def)             Requested size: 195.1881pt x 119.07593pt.

<pics/dh55a-pial-rh.png, id=141, 1686.3pt x 1028.84375pt>
File: pics/dh55a-pial-rh.png Graphic file (type png)

<use pics/dh55a-pial-rh.png>
Package pdftex.def Info: pics/dh55a-pial-rh.png used on input line 368.
(pdftex.def)             Requested size: 195.1881pt x 119.07593pt.

<pics/dh55a-inflated-lh.png, id=142, 1686.3pt x 1028.84375pt>
File: pics/dh55a-inflated-lh.png Graphic file (type png)

<use pics/dh55a-inflated-lh.png>
Package pdftex.def Info: pics/dh55a-inflated-lh.png used on input line 369.
(pdftex.def)             Requested size: 195.1881pt x 119.07593pt.

<pics/dh55a-inflated-rh.png, id=143, 1686.3pt x 1028.84375pt>
File: pics/dh55a-inflated-rh.png Graphic file (type png)

<use pics/dh55a-inflated-rh.png>
Package pdftex.def Info: pics/dh55a-inflated-rh.png used on input line 370.
(pdftex.def)             Requested size: 195.1881pt x 119.07593pt.

<pics/3_3_ROIlegend.png, id=144, 1919.17pt x 313.17pt>
File: pics/3_3_ROIlegend.png Graphic file (type png)

<use pics/3_3_ROIlegend.png>
Package pdftex.def Info: pics/3_3_ROIlegend.png used on input line 371.
(pdftex.def)             Requested size: 298.75394pt x 48.74632pt.


LaTeX Warning: `h' float specifier changed to `ht'.


Package Fancyhdr Warning: \headheight is too small (12.0pt): 
 Make it at least 13.59999pt.
 We now make it that large for the rest of the document.
 This may cause the page layout to be inconsistent, however.

[30]
Underfull \vbox (badness 10000) has occurred while \output is active []



Package Fancyhdr Warning: \headheight is too small (12.0pt): 
 Make it at least 13.59999pt.
 We now make it that large for the rest of the document.
 This may cause the page layout to be inconsistent, however.

[31 <./pics/dh55a-pial-lh.png (PNG copy)> <./pics/dh55a-pial-rh.png (PNG copy)>
 <./pics/dh55a-inflated-lh.png (PNG copy)> <./pics/dh55a-inflated-rh.png (PNG c
opy)> <./pics/3_3_ROIlegend.png>]
<pics/3_4_regions.png, id=152, 1680.2775pt x 960.58875pt>
File: pics/3_4_regions.png Graphic file (type png)

<use pics/3_4_regions.png>
Package pdftex.def Info: pics/3_4_regions.png used on input line 436.
(pdftex.def)             Requested size: 298.75394pt x 170.78784pt.


LaTeX Warning: `h' float specifier changed to `ht'.


Package Fancyhdr Warning: \headheight is too small (12.0pt): 
 Make it at least 13.59999pt.
 We now make it that large for the rest of the document.
 This may cause the page layout to be inconsistent, however.

[32]
Underfull \vbox (badness 1082) has occurred while \output is active []



Package Fancyhdr Warning: \headheight is too small (12.0pt): 
 Make it at least 13.59999pt.
 We now make it that large for the rest of the document.
 This may cause the page layout to be inconsistent, however.

[33 <./pics/3_4_regions.png>]) (./chapter/Results.tex

Package Fancyhdr Warning: \headheight is too small (12.0pt): 
 Make it at least 13.59999pt.
 We now make it that large for the rest of the document.
 This may cause the page layout to be inconsistent, however.

[34]
Chapter 4.
[35

]
<pics/children_Left-frontal-magnetometer.png, id=165, 578.16pt x 434.1018pt>
File: pics/children_Left-frontal-magnetometer.png Graphic file (type png)

<use pics/children_Left-frontal-magnetometer.png>
Package pdftex.def Info: pics/children_Left-frontal-magnetometer.png used on in
put line 81.
(pdftex.def)             Requested size: 195.1881pt x 146.55272pt.

<pics/children_Right-frontal-magnetometer.png, id=166, 578.16pt x 434.1018pt>
File: pics/children_Right-frontal-magnetometer.png Graphic file (type png)

<use pics/children_Right-frontal-magnetometer.png>
Package pdftex.def Info: pics/children_Right-frontal-magnetometer.png used on i
nput line 82.
(pdftex.def)             Requested size: 195.1881pt x 146.55272pt.

<pics/children_Left-frontal-gradiometer.png, id=167, 578.16pt x 434.1018pt>
File: pics/children_Left-frontal-gradiometer.png Graphic file (type png)

<use pics/children_Left-frontal-gradiometer.png>
Package pdftex.def Info: pics/children_Left-frontal-gradiometer.png used on inp
ut line 83.
(pdftex.def)             Requested size: 195.1881pt x 146.55272pt.

<pics/children_Right-frontal-gradiometer.png, id=168, 578.16pt x 434.1018pt>
File: pics/children_Right-frontal-gradiometer.png Graphic file (type png)

<use pics/children_Right-frontal-gradiometer.png>
Package pdftex.def Info: pics/children_Right-frontal-gradiometer.png used on in
put line 84.
(pdftex.def)             Requested size: 195.1881pt x 146.55272pt.

<pics/kids_Left-frontal_mag.png, id=169, 578.16pt x 433.62pt>
File: pics/kids_Left-frontal_mag.png Graphic file (type png)

<use pics/kids_Left-frontal_mag.png>
Package pdftex.def Info: pics/kids_Left-frontal_mag.png used on input line 85.
(pdftex.def)             Requested size: 195.1881pt x 146.39006pt.

<pics/kids_Right-frontal_mag.png, id=170, 578.16pt x 433.62pt>
File: pics/kids_Right-frontal_mag.png Graphic file (type png)

<use pics/kids_Right-frontal_mag.png>
Package pdftex.def Info: pics/kids_Right-frontal_mag.png used on input line 86.

(pdftex.def)             Requested size: 195.1881pt x 146.39006pt.

<pics/kids_Left-frontal_grad.png, id=171, 578.16pt x 433.62pt>
File: pics/kids_Left-frontal_grad.png Graphic file (type png)

<use pics/kids_Left-frontal_grad.png>
Package pdftex.def Info: pics/kids_Left-frontal_grad.png used on input line 87.

(pdftex.def)             Requested size: 195.1881pt x 146.39006pt.

<pics/kids_Right-frontal_grad.png, id=172, 578.16pt x 433.62pt>
File: pics/kids_Right-frontal_grad.png Graphic file (type png)

<use pics/kids_Right-frontal_grad.png>
Package pdftex.def Info: pics/kids_Right-frontal_grad.png used on input line 88
.
(pdftex.def)             Requested size: 195.1881pt x 146.39006pt.


LaTeX Warning: Float too large for page by 31.89198pt on input line 91.


Package Fancyhdr Warning: \headheight is too small (12.0pt): 
 Make it at least 13.59999pt.
 We now make it that large for the rest of the document.
 This may cause the page layout to be inconsistent, however.

[36]

LaTeX Warning: `!h' float specifier changed to `!ht'.

<pics/children_Left-temporal-magnetometer.png, id=176, 578.16pt x 434.1018pt>
File: pics/children_Left-temporal-magnetometer.png Graphic file (type png)

<use pics/children_Left-temporal-magnetometer.png>
Package pdftex.def Info: pics/children_Left-temporal-magnetometer.png used on i
nput line 96.
(pdftex.def)             Requested size: 195.1881pt x 146.55272pt.

<pics/children_Right-temporal-magnetometer.png, id=177, 578.16pt x 434.1018pt>
File: pics/children_Right-temporal-magnetometer.png Graphic file (type png)

<use pics/children_Right-temporal-magnetometer.png>
Package pdftex.def Info: pics/children_Right-temporal-magnetometer.png used on 
input line 97.
(pdftex.def)             Requested size: 195.1881pt x 146.55272pt.

<pics/children_Left-temporal-gradiometer.png, id=178, 578.16pt x 434.1018pt>
File: pics/children_Left-temporal-gradiometer.png Graphic file (type png)

<use pics/children_Left-temporal-gradiometer.png>
Package pdftex.def Info: pics/children_Left-temporal-gradiometer.png used on in
put line 98.
(pdftex.def)             Requested size: 195.1881pt x 146.55272pt.

<pics/children_Right-temporal-gradiometer.png, id=179, 578.16pt x 434.1018pt>
File: pics/children_Right-temporal-gradiometer.png Graphic file (type png)

<use pics/children_Right-temporal-gradiometer.png>
Package pdftex.def Info: pics/children_Right-temporal-gradiometer.png used on i
nput line 99.
(pdftex.def)             Requested size: 195.1881pt x 146.55272pt.

<pics/kids_Left-temporal_mag.png, id=180, 578.16pt x 433.62pt>
File: pics/kids_Left-temporal_mag.png Graphic file (type png)

<use pics/kids_Left-temporal_mag.png>
Package pdftex.def Info: pics/kids_Left-temporal_mag.png used on input line 100
.
(pdftex.def)             Requested size: 195.1881pt x 146.39006pt.

<pics/kids_Right-temporal_mag.png, id=181, 578.16pt x 433.62pt>
File: pics/kids_Right-temporal_mag.png Graphic file (type png)

<use pics/kids_Right-temporal_mag.png>
Package pdftex.def Info: pics/kids_Right-temporal_mag.png used on input line 10
1.
(pdftex.def)             Requested size: 195.1881pt x 146.39006pt.

<pics/kids_Left-temporal_grad.png, id=182, 578.16pt x 433.62pt>
File: pics/kids_Left-temporal_grad.png Graphic file (type png)

<use pics/kids_Left-temporal_grad.png>
Package pdftex.def Info: pics/kids_Left-temporal_grad.png used on input line 10
2.
(pdftex.def)             Requested size: 195.1881pt x 146.39006pt.

<pics/kids_Right-temporal_grad.png, id=183, 578.16pt x 433.62pt>
File: pics/kids_Right-temporal_grad.png Graphic file (type png)

<use pics/kids_Right-temporal_grad.png>
Package pdftex.def Info: pics/kids_Right-temporal_grad.png used on input line 1
03.
(pdftex.def)             Requested size: 195.1881pt x 146.39006pt.


LaTeX Warning: Float too large for page by 31.89198pt on input line 106.


LaTeX Warning: `!h' float specifier changed to `!ht'.

<pics/children_Left-parietal-magnetometer.png, id=184, 578.16pt x 434.1018pt>
File: pics/children_Left-parietal-magnetometer.png Graphic file (type png)

<use pics/children_Left-parietal-magnetometer.png>
Package pdftex.def Info: pics/children_Left-parietal-magnetometer.png used on i
nput line 111.
(pdftex.def)             Requested size: 195.1881pt x 146.55272pt.

<pics/children_Right-parietal-magnetometer.png, id=185, 578.16pt x 434.1018pt>
File: pics/children_Right-parietal-magnetometer.png Graphic file (type png)

<use pics/children_Right-parietal-magnetometer.png>
Package pdftex.def Info: pics/children_Right-parietal-magnetometer.png used on 
input line 112.
(pdftex.def)             Requested size: 195.1881pt x 146.55272pt.

<pics/children_Left-parietal-gradiometer.png, id=186, 578.16pt x 434.1018pt>
File: pics/children_Left-parietal-gradiometer.png Graphic file (type png)

<use pics/children_Left-parietal-gradiometer.png>
Package pdftex.def Info: pics/children_Left-parietal-gradiometer.png used on in
put line 113.
(pdftex.def)             Requested size: 195.1881pt x 146.55272pt.

<pics/children_Right-parietal-gradiometer.png, id=187, 578.16pt x 434.1018pt>
File: pics/children_Right-parietal-gradiometer.png Graphic file (type png)

<use pics/children_Right-parietal-gradiometer.png>
Package pdftex.def Info: pics/children_Right-parietal-gradiometer.png used on i
nput line 114.
(pdftex.def)             Requested size: 195.1881pt x 146.55272pt.

<pics/kids_Left-parietal_mag.png, id=188, 578.16pt x 433.62pt>
File: pics/kids_Left-parietal_mag.png Graphic file (type png)

<use pics/kids_Left-parietal_mag.png>
Package pdftex.def Info: pics/kids_Left-parietal_mag.png used on input line 115
.
(pdftex.def)             Requested size: 195.1881pt x 146.39006pt.

<pics/kids_Right-parietal_mag.png, id=189, 578.16pt x 433.62pt>
File: pics/kids_Right-parietal_mag.png Graphic file (type png)

<use pics/kids_Right-parietal_mag.png>
Package pdftex.def Info: pics/kids_Right-parietal_mag.png used on input line 11
6.
(pdftex.def)             Requested size: 195.1881pt x 146.39006pt.

<pics/kids_Left-parietal_grad.png, id=190, 578.16pt x 433.62pt>
File: pics/kids_Left-parietal_grad.png Graphic file (type png)

<use pics/kids_Left-parietal_grad.png>
Package pdftex.def Info: pics/kids_Left-parietal_grad.png used on input line 11
7.
(pdftex.def)             Requested size: 195.1881pt x 146.39006pt.

<pics/kids_Right-parietal_grad.png, id=191, 578.16pt x 433.62pt>
File: pics/kids_Right-parietal_grad.png Graphic file (type png)

<use pics/kids_Right-parietal_grad.png>
Package pdftex.def Info: pics/kids_Right-parietal_grad.png used on input line 1
18.
(pdftex.def)             Requested size: 195.1881pt x 146.39006pt.


LaTeX Warning: Float too large for page by 31.89198pt on input line 121.


LaTeX Warning: `!h' float specifier changed to `!ht'.


Package Fancyhdr Warning: \headheight is too small (12.0pt): 
 Make it at least 13.59999pt.
 We now make it that large for the rest of the document.
 This may cause the page layout to be inconsistent, however.

[37]

Package Fancyhdr Warning: \headheight is too small (12.0pt): 
 Make it at least 13.59999pt.
 We now make it that large for the rest of the document.
 This may cause the page layout to be inconsistent, however.

[38 <./pics/children_Left-frontal-magnetometer.png (PNG copy)> <./pics/children
_Right-frontal-magnetometer.png (PNG copy)> <./pics/children_Left-frontal-gradi
ometer.png (PNG copy)> <./pics/children_Right-frontal-gradiometer.png (PNG copy
)> <./pics/kids_Left-frontal_mag.png> <./pics/kids_Right-frontal_mag.png> <./pi
cs/kids_Left-frontal_grad.png> <./pics/kids_Right-frontal_grad.png>]

Package Fancyhdr Warning: \headheight is too small (12.0pt): 
 Make it at least 13.59999pt.
 We now make it that large for the rest of the document.
 This may cause the page layout to be inconsistent, however.

[39 <./pics/children_Left-temporal-magnetometer.png (PNG copy)> <./pics/childre
n_Right-temporal-magnetometer.png (PNG copy)> <./pics/children_Left-temporal-gr
adiometer.png (PNG copy)> <./pics/children_Right-temporal-gradiometer.png (PNG 
copy)> <./pics/kids_Left-temporal_mag.png> <./pics/kids_Right-temporal_mag.png>
 <./pics/kids_Left-temporal_grad.png> <./pics/kids_Right-temporal_grad.png>]

Package Fancyhdr Warning: \headheight is too small (12.0pt): 
 Make it at least 13.59999pt.
 We now make it that large for the rest of the document.
 This may cause the page layout to be inconsistent, however.

[40 <./pics/children_Left-parietal-magnetometer.png (PNG copy)> <./pics/childre
n_Right-parietal-magnetometer.png (PNG copy)> <./pics/children_Left-parietal-gr
adiometer.png (PNG copy)> <./pics/children_Right-parietal-gradiometer.png (PNG 
copy)> <./pics/kids_Left-parietal_mag.png> <./pics/kids_Right-parietal_mag.png>
 <./pics/kids_Left-parietal_grad.png> <./pics/kids_Right-parietal_grad.png>]
<pics/adults_Left-frontal-magnetometer.png, id=217, 578.16pt x 434.1018pt>
File: pics/adults_Left-frontal-magnetometer.png Graphic file (type png)

<use pics/adults_Left-frontal-magnetometer.png>
Package pdftex.def Info: pics/adults_Left-frontal-magnetometer.png used on inpu
t line 133.
(pdftex.def)             Requested size: 195.1881pt x 146.55272pt.

<pics/adults_Right-frontal-magnetometer.png, id=218, 578.16pt x 434.1018pt>
File: pics/adults_Right-frontal-magnetometer.png Graphic file (type png)

<use pics/adults_Right-frontal-magnetometer.png>
Package pdftex.def Info: pics/adults_Right-frontal-magnetometer.png used on inp
ut line 134.
(pdftex.def)             Requested size: 195.1881pt x 146.55272pt.

<pics/adults_Left-frontal-gradiometer.png, id=219, 578.16pt x 434.1018pt>
File: pics/adults_Left-frontal-gradiometer.png Graphic file (type png)

<use pics/adults_Left-frontal-gradiometer.png>
Package pdftex.def Info: pics/adults_Left-frontal-gradiometer.png used on input
 line 135.
(pdftex.def)             Requested size: 195.1881pt x 146.55272pt.

<pics/adults_Right-frontal-gradiometer.png, id=220, 578.16pt x 434.1018pt>
File: pics/adults_Right-frontal-gradiometer.png Graphic file (type png)

<use pics/adults_Right-frontal-gradiometer.png>
Package pdftex.def Info: pics/adults_Right-frontal-gradiometer.png used on inpu
t line 136.
(pdftex.def)             Requested size: 195.1881pt x 146.55272pt.

<pics/adults_Left-frontal_mag.png, id=221, 578.16pt x 433.62pt>
File: pics/adults_Left-frontal_mag.png Graphic file (type png)

<use pics/adults_Left-frontal_mag.png>
Package pdftex.def Info: pics/adults_Left-frontal_mag.png used on input line 13
7.
(pdftex.def)             Requested size: 195.1881pt x 146.39006pt.

<pics/adults_Right-frontal_mag.png, id=222, 578.16pt x 433.62pt>
File: pics/adults_Right-frontal_mag.png Graphic file (type png)

<use pics/adults_Right-frontal_mag.png>
Package pdftex.def Info: pics/adults_Right-frontal_mag.png used on input line 1
38.
(pdftex.def)             Requested size: 195.1881pt x 146.39006pt.

<pics/adults_Left-frontal_grad.png, id=223, 578.16pt x 433.62pt>
File: pics/adults_Left-frontal_grad.png Graphic file (type png)

<use pics/adults_Left-frontal_grad.png>
Package pdftex.def Info: pics/adults_Left-frontal_grad.png used on input line 1
39.
(pdftex.def)             Requested size: 195.1881pt x 146.39006pt.

<pics/adults_Right-frontal_grad.png, id=224, 578.16pt x 433.62pt>
File: pics/adults_Right-frontal_grad.png Graphic file (type png)

<use pics/adults_Right-frontal_grad.png>
Package pdftex.def Info: pics/adults_Right-frontal_grad.png used on input line 
140.
(pdftex.def)             Requested size: 195.1881pt x 146.39006pt.


LaTeX Warning: Float too large for page by 31.89198pt on input line 143.


LaTeX Warning: `!h' float specifier changed to `!ht'.

<pics/adults_Left-temporal-magnetometer.png, id=225, 578.16pt x 434.1018pt>
File: pics/adults_Left-temporal-magnetometer.png Graphic file (type png)

<use pics/adults_Left-temporal-magnetometer.png>
Package pdftex.def Info: pics/adults_Left-temporal-magnetometer.png used on inp
ut line 148.
(pdftex.def)             Requested size: 195.1881pt x 146.55272pt.

<pics/adults_Right-temporal-magnetometer.png, id=226, 578.16pt x 434.1018pt>
File: pics/adults_Right-temporal-magnetometer.png Graphic file (type png)

<use pics/adults_Right-temporal-magnetometer.png>
Package pdftex.def Info: pics/adults_Right-temporal-magnetometer.png used on in
put line 149.
(pdftex.def)             Requested size: 195.1881pt x 146.55272pt.

<pics/adults_Left-temporal-gradiometer.png, id=227, 578.16pt x 434.1018pt>
File: pics/adults_Left-temporal-gradiometer.png Graphic file (type png)

<use pics/adults_Left-temporal-gradiometer.png>
Package pdftex.def Info: pics/adults_Left-temporal-gradiometer.png used on inpu
t line 150.
(pdftex.def)             Requested size: 195.1881pt x 146.55272pt.

<pics/adults_Right-temporal-gradiometer.png, id=228, 578.16pt x 434.1018pt>
File: pics/adults_Right-temporal-gradiometer.png Graphic file (type png)

<use pics/adults_Right-temporal-gradiometer.png>
Package pdftex.def Info: pics/adults_Right-temporal-gradiometer.png used on inp
ut line 151.
(pdftex.def)             Requested size: 195.1881pt x 146.55272pt.

<pics/adults_Left-temporal_mag.png, id=229, 578.16pt x 433.62pt>
File: pics/adults_Left-temporal_mag.png Graphic file (type png)

<use pics/adults_Left-temporal_mag.png>
Package pdftex.def Info: pics/adults_Left-temporal_mag.png used on input line 1
52.
(pdftex.def)             Requested size: 195.1881pt x 146.39006pt.

<pics/adults_Right-temporal_mag.png, id=230, 578.16pt x 433.62pt>
File: pics/adults_Right-temporal_mag.png Graphic file (type png)

<use pics/adults_Right-temporal_mag.png>
Package pdftex.def Info: pics/adults_Right-temporal_mag.png used on input line 
153.
(pdftex.def)             Requested size: 195.1881pt x 146.39006pt.

<pics/adults_Left-temporal_grad.png, id=231, 578.16pt x 433.62pt>
File: pics/adults_Left-temporal_grad.png Graphic file (type png)

<use pics/adults_Left-temporal_grad.png>
Package pdftex.def Info: pics/adults_Left-temporal_grad.png used on input line 
154.
(pdftex.def)             Requested size: 195.1881pt x 146.39006pt.

<pics/adults_Right-temporal_grad.png, id=232, 578.16pt x 433.62pt>
File: pics/adults_Right-temporal_grad.png Graphic file (type png)

<use pics/adults_Right-temporal_grad.png>
Package pdftex.def Info: pics/adults_Right-temporal_grad.png used on input line
 155.
(pdftex.def)             Requested size: 195.1881pt x 146.39006pt.


LaTeX Warning: Float too large for page by 31.89198pt on input line 158.


LaTeX Warning: `!h' float specifier changed to `!ht'.

<pics/adults_Left-parietal-magnetometer.png, id=233, 578.16pt x 434.1018pt>
File: pics/adults_Left-parietal-magnetometer.png Graphic file (type png)

<use pics/adults_Left-parietal-magnetometer.png>
Package pdftex.def Info: pics/adults_Left-parietal-magnetometer.png used on inp
ut line 163.
(pdftex.def)             Requested size: 195.1881pt x 146.55272pt.

<pics/adults_Right-parietal-magnetometer.png, id=234, 578.16pt x 434.1018pt>
File: pics/adults_Right-parietal-magnetometer.png Graphic file (type png)

<use pics/adults_Right-parietal-magnetometer.png>
Package pdftex.def Info: pics/adults_Right-parietal-magnetometer.png used on in
put line 164.
(pdftex.def)             Requested size: 195.1881pt x 146.55272pt.

<pics/adults_Left-parietal-gradiometer.png, id=235, 578.16pt x 434.1018pt>
File: pics/adults_Left-parietal-gradiometer.png Graphic file (type png)

<use pics/adults_Left-parietal-gradiometer.png>
Package pdftex.def Info: pics/adults_Left-parietal-gradiometer.png used on inpu
t line 165.
(pdftex.def)             Requested size: 195.1881pt x 146.55272pt.

<pics/adults_Right-parietal-gradiometer.png, id=236, 578.16pt x 434.1018pt>
File: pics/adults_Right-parietal-gradiometer.png Graphic file (type png)

<use pics/adults_Right-parietal-gradiometer.png>
Package pdftex.def Info: pics/adults_Right-parietal-gradiometer.png used on inp
ut line 166.
(pdftex.def)             Requested size: 195.1881pt x 146.55272pt.

<pics/adults_Left-parietal_mag.png, id=237, 578.16pt x 433.62pt>
File: pics/adults_Left-parietal_mag.png Graphic file (type png)

<use pics/adults_Left-parietal_mag.png>
Package pdftex.def Info: pics/adults_Left-parietal_mag.png used on input line 1
67.
(pdftex.def)             Requested size: 195.1881pt x 146.39006pt.

<pics/adults_Right-parietal_mag.png, id=238, 578.16pt x 433.62pt>
File: pics/adults_Right-parietal_mag.png Graphic file (type png)

<use pics/adults_Right-parietal_mag.png>
Package pdftex.def Info: pics/adults_Right-parietal_mag.png used on input line 
168.
(pdftex.def)             Requested size: 195.1881pt x 146.39006pt.

<pics/adults_Left-parietal_grad.png, id=239, 578.16pt x 433.62pt>
File: pics/adults_Left-parietal_grad.png Graphic file (type png)

<use pics/adults_Left-parietal_grad.png>
Package pdftex.def Info: pics/adults_Left-parietal_grad.png used on input line 
169.
(pdftex.def)             Requested size: 195.1881pt x 146.39006pt.

<pics/adults_Right-parietal_grad.png, id=240, 578.16pt x 433.62pt>
File: pics/adults_Right-parietal_grad.png Graphic file (type png)

<use pics/adults_Right-parietal_grad.png>
Package pdftex.def Info: pics/adults_Right-parietal_grad.png used on input line
 170.
(pdftex.def)             Requested size: 195.1881pt x 146.39006pt.


LaTeX Warning: Float too large for page by 31.89198pt on input line 173.


LaTeX Warning: `!h' float specifier changed to `!ht'.


Package Fancyhdr Warning: \headheight is too small (12.0pt): 
 Make it at least 13.59999pt.
 We now make it that large for the rest of the document.
 This may cause the page layout to be inconsistent, however.

[41

]

Package Fancyhdr Warning: \headheight is too small (12.0pt): 
 Make it at least 13.59999pt.
 We now make it that large for the rest of the document.
 This may cause the page layout to be inconsistent, however.

[42 <./pics/adults_Left-frontal-magnetometer.png (PNG copy)> <./pics/adults_Rig
ht-frontal-magnetometer.png (PNG copy)> <./pics/adults_Left-frontal-gradiometer
.png (PNG copy)> <./pics/adults_Right-frontal-gradiometer.png (PNG copy)> <./pi
cs/adults_Left-frontal_mag.png> <./pics/adults_Right-frontal_mag.png> <./pics/a
dults_Left-frontal_grad.png> <./pics/adults_Right-frontal_grad.png>]

Package Fancyhdr Warning: \headheight is too small (12.0pt): 
 Make it at least 13.59999pt.
 We now make it that large for the rest of the document.
 This may cause the page layout to be inconsistent, however.

[43 <./pics/adults_Left-temporal-magnetometer.png (PNG copy)> <./pics/adults_Ri
ght-temporal-magnetometer.png (PNG copy)> <./pics/adults_Left-temporal-gradiome
ter.png (PNG copy)> <./pics/adults_Right-temporal-gradiometer.png (PNG copy)> <
./pics/adults_Left-temporal_mag.png> <./pics/adults_Right-temporal_mag.png> <./
pics/adults_Left-temporal_grad.png> <./pics/adults_Right-temporal_grad.png>]

Package Fancyhdr Warning: \headheight is too small (12.0pt): 
 Make it at least 13.59999pt.
 We now make it that large for the rest of the document.
 This may cause the page layout to be inconsistent, however.

[44 <./pics/adults_Left-parietal-magnetometer.png (PNG copy)> <./pics/adults_Ri
ght-parietal-magnetometer.png (PNG copy)> <./pics/adults_Left-parietal-gradiome
ter.png (PNG copy)> <./pics/adults_Right-parietal-gradiometer.png (PNG copy)> <
./pics/adults_Left-parietal_mag.png> <./pics/adults_Right-parietal_mag.png> <./
pics/adults_Left-parietal_grad.png> <./pics/adults_Right-parietal_grad.png>]
<pics/signed-adults-PAC-lh.png, id=267, 578.16pt x 433.62pt>
File: pics/signed-adults-PAC-lh.png Graphic file (type png)

<use pics/signed-adults-PAC-lh.png>
Package pdftex.def Info: pics/signed-adults-PAC-lh.png used on input line 213.
(pdftex.def)             Requested size: 195.1881pt x 146.39006pt.

<pics/signed-adults-PAC-rh.png, id=268, 578.16pt x 433.62pt>
File: pics/signed-adults-PAC-rh.png Graphic file (type png)

<use pics/signed-adults-PAC-rh.png>
Package pdftex.def Info: pics/signed-adults-PAC-rh.png used on input line 214.
(pdftex.def)             Requested size: 195.1881pt x 146.39006pt.

<pics/signed-adults-aSTS-lh.png, id=269, 578.16pt x 433.62pt>
File: pics/signed-adults-aSTS-lh.png Graphic file (type png)

<use pics/signed-adults-aSTS-lh.png>
Package pdftex.def Info: pics/signed-adults-aSTS-lh.png used on input line 215.

(pdftex.def)             Requested size: 195.1881pt x 146.39006pt.

<pics/signed-adults-aSTS-rh.png, id=270, 578.16pt x 433.62pt>
File: pics/signed-adults-aSTS-rh.png Graphic file (type png)

<use pics/signed-adults-aSTS-rh.png>
Package pdftex.def Info: pics/signed-adults-aSTS-rh.png used on input line 216.

(pdftex.def)             Requested size: 195.1881pt x 146.39006pt.

<pics/signed-adults-aSTG-lh.png, id=271, 578.16pt x 433.62pt>
File: pics/signed-adults-aSTG-lh.png Graphic file (type png)

<use pics/signed-adults-aSTG-lh.png>
Package pdftex.def Info: pics/signed-adults-aSTG-lh.png used on input line 217.

(pdftex.def)             Requested size: 195.1881pt x 146.39006pt.

<pics/signed-adults-aSTG-rh.png, id=272, 578.16pt x 433.62pt>
File: pics/signed-adults-aSTG-rh.png Graphic file (type png)

<use pics/signed-adults-aSTG-rh.png>
Package pdftex.def Info: pics/signed-adults-aSTG-rh.png used on input line 218.

(pdftex.def)             Requested size: 195.1881pt x 146.39006pt.

<pics/signed-adults-BA45-lh.png, id=273, 578.16pt x 433.62pt>
File: pics/signed-adults-BA45-lh.png Graphic file (type png)

<use pics/signed-adults-BA45-lh.png>
Package pdftex.def Info: pics/signed-adults-BA45-lh.png used on input line 219.

(pdftex.def)             Requested size: 195.1881pt x 146.39006pt.

<pics/signed-adults-BA45-rh.png, id=274, 578.16pt x 433.62pt>
File: pics/signed-adults-BA45-rh.png Graphic file (type png)

<use pics/signed-adults-BA45-rh.png>
Package pdftex.def Info: pics/signed-adults-BA45-rh.png used on input line 220.

(pdftex.def)             Requested size: 195.1881pt x 146.39006pt.


LaTeX Warning: Float too large for page by 31.56667pt on input line 223.

<pics/signed-adults-BA6v-lh.png, id=275, 578.16pt x 433.62pt>
File: pics/signed-adults-BA6v-lh.png Graphic file (type png)

<use pics/signed-adults-BA6v-lh.png>
Package pdftex.def Info: pics/signed-adults-BA6v-lh.png used on input line 228.

(pdftex.def)             Requested size: 195.1881pt x 146.39006pt.

<pics/signed-adults-BA6v-rh.png, id=276, 578.16pt x 433.62pt>
File: pics/signed-adults-BA6v-rh.png Graphic file (type png)

<use pics/signed-adults-BA6v-rh.png>
Package pdftex.def Info: pics/signed-adults-BA6v-rh.png used on input line 229.

(pdftex.def)             Requested size: 195.1881pt x 146.39006pt.

<pics/signed-adults-pSTS-lh.png, id=277, 578.16pt x 433.62pt>
File: pics/signed-adults-pSTS-lh.png Graphic file (type png)

<use pics/signed-adults-pSTS-lh.png>
Package pdftex.def Info: pics/signed-adults-pSTS-lh.png used on input line 230.

(pdftex.def)             Requested size: 195.1881pt x 146.39006pt.

<pics/signed-adults-pSTS-rh.png, id=278, 578.16pt x 433.62pt>
File: pics/signed-adults-pSTS-rh.png Graphic file (type png)

<use pics/signed-adults-pSTS-rh.png>
Package pdftex.def Info: pics/signed-adults-pSTS-rh.png used on input line 231.

(pdftex.def)             Requested size: 195.1881pt x 146.39006pt.

<pics/signed-adults-pSTG-lh.png, id=279, 578.16pt x 433.62pt>
File: pics/signed-adults-pSTG-lh.png Graphic file (type png)

<use pics/signed-adults-pSTG-lh.png>
Package pdftex.def Info: pics/signed-adults-pSTG-lh.png used on input line 232.

(pdftex.def)             Requested size: 195.1881pt x 146.39006pt.

<pics/signed-adults-pSTG-rh.png, id=280, 578.16pt x 433.62pt>
File: pics/signed-adults-pSTG-rh.png Graphic file (type png)

<use pics/signed-adults-pSTG-rh.png>
Package pdftex.def Info: pics/signed-adults-pSTG-rh.png used on input line 233.

(pdftex.def)             Requested size: 195.1881pt x 146.39006pt.

<pics/signed-adults-BA44-lh.png, id=281, 578.16pt x 433.62pt>
File: pics/signed-adults-BA44-lh.png Graphic file (type png)

<use pics/signed-adults-BA44-lh.png>
Package pdftex.def Info: pics/signed-adults-BA44-lh.png used on input line 234.

(pdftex.def)             Requested size: 195.1881pt x 146.39006pt.

<pics/signed-adults-BA44-rh.png, id=282, 578.16pt x 433.62pt>
File: pics/signed-adults-BA44-rh.png Graphic file (type png)

<use pics/signed-adults-BA44-rh.png>
Package pdftex.def Info: pics/signed-adults-BA44-rh.png used on input line 235.

(pdftex.def)             Requested size: 195.1881pt x 146.39006pt.


LaTeX Warning: Float too large for page by 31.56667pt on input line 238.


Package Fancyhdr Warning: \headheight is too small (12.0pt): 
 Make it at least 13.59999pt.
 We now make it that large for the rest of the document.
 This may cause the page layout to be inconsistent, however.

[45

]

Package Fancyhdr Warning: \headheight is too small (12.0pt): 
 Make it at least 13.59999pt.
 We now make it that large for the rest of the document.
 This may cause the page layout to be inconsistent, however.

[46 <./pics/signed-adults-PAC-lh.png (PNG copy)> <./pics/signed-adults-PAC-rh.p
ng (PNG copy)> <./pics/signed-adults-aSTS-lh.png (PNG copy)> <./pics/signed-adu
lts-aSTS-rh.png (PNG copy)> <./pics/signed-adults-aSTG-lh.png (PNG copy)> <./pi
cs/signed-adults-aSTG-rh.png (PNG copy)> <./pics/signed-adults-BA45-lh.png (PNG
 copy)> <./pics/signed-adults-BA45-rh.png (PNG copy)>]

Package Fancyhdr Warning: \headheight is too small (12.0pt): 
 Make it at least 13.59999pt.
 We now make it that large for the rest of the document.
 This may cause the page layout to be inconsistent, however.

[47 <./pics/signed-adults-BA6v-lh.png (PNG copy)> <./pics/signed-adults-BA6v-rh
.png (PNG copy)> <./pics/signed-adults-pSTS-lh.png (PNG copy)> <./pics/signed-a
dults-pSTS-rh.png (PNG copy)> <./pics/signed-adults-pSTG-lh.png (PNG copy)> <./
pics/signed-adults-pSTG-rh.png (PNG copy)> <./pics/signed-adults-BA44-lh.png (P
NG copy)> <./pics/signed-adults-BA44-rh.png (PNG copy)>]

Package Fancyhdr Warning: \headheight is too small (12.0pt): 
 Make it at least 13.59999pt.
 We now make it that large for the rest of the document.
 This may cause the page layout to be inconsistent, however.

[48

]) (./chapter/Discussion.tex

Package Fancyhdr Warning: \headheight is too small (12.0pt): 
 Make it at least 13.59999pt.
 We now make it that large for the rest of the document.
 This may cause the page layout to be inconsistent, however.

[49] [50

]
Chapter 5.
) (./chapter/Conclusion.tex [51] [52

]
Chapter 6.
) (./chapter/Appendix.tex [53] [54

]
Appendix A.
) [55] [56

]

LaTeX Warning: Citation `AFIFI98' undefined on input line 198.

(./dissertation.bbl

! LaTeX Error: Command \texteuro unavailable in encoding T1.

See the LaTeX manual or LaTeX Companion for explanation.
Type  H <return>  for immediate help.
 ...                                              
                                                  
l.114 ...urnalVolNumPages{Neuron.}{26}{1}{5567}
                                                  .
Your command was ignored.
Type  I <command> <return>  to replace it with another command,
or  <return>  to continue without it.

LaTeX Font Info:    Try loading font information for T1+pcr on input line 199.
(/usr/local/texlive/2014basic/texmf-dist/tex/latex/psnfss/t1pcr.fd
File: t1pcr.fd 2001/06/04 font definitions for T1/pcr.
)
Underfull \hbox (badness 7740) in paragraph at lines 188--204
[]\T1/ptm/m/n/10.95 Friederici, A. D., & Gier-han, S. M.  (2013).  The lan-guag
e net-work.
 []


Underfull \hbox (badness 10000) in paragraph at lines 188--204
\T1/ptm/m/it/10.95 Cur-rent opin-ion in neu-ro-bi-ol-ogy\T1/ptm/m/n/10.95 , \T1
/ptm/m/it/10.95 23\T1/ptm/m/n/10.95 (2), 250-254.  Re-trieved from
 []


Underfull \hbox (badness 10000) in paragraph at lines 188--204
\T1/pcr/m/n/10.95 http://dx.doi.org/10.1016/j.conb.2012.10.002   \T1/ptm/m/n/10
.95 doi:
 []


! LaTeX Error: Command \texteuro unavailable in encoding T1.

See the LaTeX manual or LaTeX Companion for explanation.
Type  H <return>  for immediate help.
 ...                                              
                                                  
l.262 ...mPages{Med. Biol. Eng.}{5}{}{271  293}
                                                  .
Your command was ignored.
Type  I <command> <return>  to replace it with another command,
or  <return>  to continue without it.


Underfull \hbox (badness 3861) in paragraph at lines 276--298
[]\T1/ptm/m/n/10.95 Gramfort, A., Luessi, M., Lar-son, E., En-ge-mann, D., Stro
hmeier, D., Brod-
 []


Underfull \hbox (badness 4060) in paragraph at lines 276--298
\T1/ptm/m/n/10.95 beck, C., ... Hmli-nen, M.  (2013a).  MEG and EEG data ana
l-
 []


Underfull \hbox (badness 10000) in paragraph at lines 276--298
\T1/ptm/m/n/10.95 y-sis with MNE-Python.  \T1/ptm/m/it/10.95 Fron-tiers in Neu-
ro-science\T1/ptm/m/n/10.95 , \T1/ptm/m/it/10.95 7\T1/ptm/m/n/10.95 .  Re-triev
ed
 []


Underfull \hbox (badness 10000) in paragraph at lines 276--298
\T1/ptm/m/n/10.95 from \T1/pcr/m/n/10.95 http://dx.doi.org/10.3389/fnins.2013.0
0267   \T1/ptm/m/n/10.95 doi:
 []


Underfull \hbox (badness 7344) in paragraph at lines 310--332
[]\T1/ptm/m/n/10.95 Gramfort, A., Luessi, M., Lar-son, E., En-ge-mann, D. A., S
trohmeier, D.,
 []


Underfull \hbox (badness 4686) in paragraph at lines 310--332
\T1/ptm/m/n/10.95 Brod-beck, C., ... Hmli-nen, M. S.  (2013b).  MNE soft-war
e for
 []


Underfull \hbox (badness 6477) in paragraph at lines 310--332
\T1/ptm/m/n/10.95 pro-cess-ing MEG and EEG data.  \T1/ptm/m/it/10.95 Neu-roIm-a
ge\T1/ptm/m/n/10.95 , \T1/ptm/m/it/10.95 86\T1/ptm/m/n/10.95 .  Re-trieved from

 []


Underfull \hbox (badness 10000) in paragraph at lines 310--332
\T1/pcr/m/n/10.95 http://dx.doi.org/doi:10.1016/j.neuroimage.2013.10.027
 []

[57



]
! Misplaced alignment tab character &.
l.514 \BCBT {}\ \BBA {} &
                         ~Bandettini, P\BPBI A.%
I can't figure out why you would want to use a tab mark
here. If you just want an ampersand, the remedy is
simple: Just type `I\&' now. But if some right brace
up above has ended a previous alignment prematurely,
you're probably due for more error messages, and you
might try typing `S' now just to see what is salvageable.


Underfull \hbox (badness 1152) in paragraph at lines 576--594
[]\T1/ptm/m/n/10.95 Maris, E., & Oost-en-veld, R.  (2007).  Non-para-met-ric st
a-tis-ti-cal test-ing of EEG-
 []


Underfull \hbox (badness 4647) in paragraph at lines 576--594
\T1/ptm/m/n/10.95 and MEG-data.  \T1/ptm/m/it/10.95 Jour-nal of Neu-ro-science 
Meth-ods\T1/ptm/m/n/10.95 , \T1/ptm/m/it/10.95 164\T1/ptm/m/n/10.95 (1).  Re-tr
ieved
 []


Underfull \hbox (badness 10000) in paragraph at lines 636--654
[]\T1/ptm/m/n/10.95 Mugler, J. P., & Brooke-man, J. R.  (1991).  Rapid three-di
mensional
 []


Underfull \hbox (badness 10000) in paragraph at lines 636--654
\T1/ptm/m/n/10.95 t1-weighted MR imag-ing with the MP-RAGE se-quence.  \T1/ptm/
m/it/10.95 Jour-nal
 []


Underfull \hbox (badness 10000) in paragraph at lines 636--654
\T1/ptm/m/it/10.95 of Mag-netic Res-o-nance Imag-ing\T1/ptm/m/n/10.95 , \T1/ptm
/m/it/10.95 1\T1/ptm/m/n/10.95 (5), 561-567.  Re-trieved from
 []


Underfull \hbox (badness 10000) in paragraph at lines 636--654
\T1/pcr/m/n/10.95 http://dx.doi.org/10.1002/jmri.1880010509   \T1/ptm/m/n/10.95
 doi:
 []


! LaTeX Error: Command \texteuro unavailable in encoding T1.

See the LaTeX manual or LaTeX Companion for explanation.
Type  H <return>  for immediate help.
 ...                                              
                                                  
l.741   medicine}{41}{12}{11101117}
                                      .
Your command was ignored.
Type  I <command> <return>  to replace it with another command,
or  <return>  to continue without it.


Package Fancyhdr Warning: \headheight is too small (12.0pt): 
 Make it at least 13.59999pt.
 We now make it that large for the rest of the document.
 This may cause the page layout to be inconsistent, however.

[58]

! LaTeX Error: Command \texteuro unavailable in encoding T1.

See the LaTeX manual or LaTeX Companion for explanation.
Type  H <return>  for immediate help.
 ...                                              
                                                  
l.829 ...ation of the fiber pathways of the brain}
                                                  .{\BBCQ}
Your command was ignored.
Type  I <command> <return>  to replace it with another command,
or  <return>  to continue without it.


! LaTeX Error: Command \texteuro unavailable in encoding T1.

See the LaTeX manual or LaTeX Companion for explanation.
Type  H <return>  for immediate help.
 ...                                              
                                                  
l.1003 ...olNumPages{NeuroImage}{9}{}{330  336}
                                                  .
Your command was ignored.
Type  I <command> <return>  to replace it with another command,
or  <return>  to continue without it.


! LaTeX Error: Command \texteuro unavailable in encoding T1.

See the LaTeX manual or LaTeX Companion for explanation.
Type  H <return>  for immediate help.
 ...                                              
                                                  
l.1067 ...dicine and Biology}{49}{10}{21172128}
                                                  .
Your command was ignored.
Type  I <command> <return>  to replace it with another command,
or  <return>  to continue without it.


! LaTeX Error: Command \texteuro unavailable in encoding T1.

See the LaTeX manual or LaTeX Companion for explanation.
Type  H <return>  for immediate help.
 ...                                              
                                                  
l.1125 ...h int.conf.of biomagnetism}\ (\BPG~158
                                                  207).
Your command was ignored.
Type  I <command> <return>  to replace it with another command,
or  <return>  to continue without it.


Underfull \hbox (badness 1881) in paragraph at lines 1165--1184
[]\T1/ptm/m/n/10.95 Wollstadt, P., M, M., & Vi-cente, R.  (2014).  Ef-fi-cient 
trans-fer en-tropy anal-
 []


Underfull \hbox (badness 3977) in paragraph at lines 1165--1184
\T1/ptm/m/n/10.95 y-sis of non-stationary neu-ral time se-ries.  \T1/ptm/m/it/1
0.95 Plos One\T1/ptm/m/n/10.95 , \T1/ptm/m/it/10.95 9\T1/ptm/m/n/10.95 (7).  Re
-trieved
 []


Underfull \hbox (badness 1515) in paragraph at lines 1165--1184
\T1/ptm/m/n/10.95 from \T1/pcr/m/n/10.95 http://dx.doi.org/10.1371/journal.pone
.0102833   \T1/ptm/m/n/10.95 doi:
 []


Underfull \hbox (badness 10000) in paragraph at lines 1198--1217
\T1/ptm/m/n/10.95 from \T1/pcr/m/n/10.95 http://dx.doi.org/10.1016/j.neuroimage
.2009.06.039
 []

)

Package Fancyhdr Warning: \headheight is too small (12.0pt): 
 Make it at least 13.59999pt.
 We now make it that large for the rest of the document.
 This may cause the page layout to be inconsistent, however.

[59] [60


] (./dissertation.lof [61

])
\tf@lof=\write4
\openout4 = `dissertation.lof'.



Package Fancyhdr Warning: \headheight is too small (12.0pt): 
 Make it at least 13.59999pt.
 We now make it that large for the rest of the document.
 This may cause the page layout to be inconsistent, however.

[62] (./dissertation.lot)
\tf@lot=\write5
\openout5 = `dissertation.lot'.

 [63



] [64


] (./chapter/cv.tex) [65

]
(./chapter/selbst.tex)
Overfull \hbox (31.22636pt too wide) in paragraph at lines 7--236
[][]
 []


Underfull \hbox (badness 10000) in paragraph at lines 7--236

 []

[66] (./dissertation.aux)

LaTeX Warning: There were undefined references.


LaTeX Warning: There were multiply-defined labels.

 ) 
Here is how much of TeX's memory you used:
 14516 strings out of 494522
 296978 string characters out of 6167205
 301670 words of memory out of 5000000
 17412 multiletter control sequences out of 15000+600000
 90545 words of font info for 127 fonts, out of 8000000 for 9000
 320 hyphenation exceptions out of 8191
 38i,12n,47p,10401b,744s stack positions out of 5000i,500n,10000p,200000b,80000s
{/usr/local/texlive/2014basic/texmf-dist/fonts/enc/dvips/base/8r.enc}</usr/lo
cal/texlive/2014basic/texmf-dist/fonts/type1/public/amsfonts/cm/cmmi10.pfb></us
r/local/texlive/2014basic/texmf-dist/fonts/type1/public/amsfonts/cm/cmr10.pfb><
/usr/local/texlive/2014basic/texmf-dist/fonts/type1/public/amsfonts/cm/cmsy10.p
fb></usr/local/texlive/2014basic/texmf-dist/fonts/type1/public/amsfonts/cm/cmsy
8.pfb></usr/local/texlive/2014basic/texmf-dist/fonts/type1/public/amsfonts/cm/c
msy9.pfb></usr/local/texlive/2014basic/texmf-dist/fonts/type1/public/eurosym/fe
ymr10.pfb></usr/local/texlive/2014basic/texmf-dist/fonts/type1/urw/courier/ucrr
8a.pfb></usr/local/texlive/2014basic/texmf-dist/fonts/type1/urw/symbol/usyr.pfb
></usr/local/texlive/2014basic/texmf-dist/fonts/type1/urw/times/utmb8a.pfb></us
r/local/texlive/2014basic/texmf-dist/fonts/type1/urw/times/utmr8a.pfb></usr/loc
al/texlive/2014basic/texmf-dist/fonts/type1/urw/times/utmri8a.pfb>
Output written on dissertation.pdf (72 pages, 6440795 bytes).
PDF statistics:
 392 PDF objects out of 1000 (max. 8388607)
 195 compressed objects within 2 object streams
 0 named destinations out of 1000 (max. 500000)
 421 words of extra memory for PDF output out of 10000 (max. 10000000)

