This is pdfTeX, Version 3.14159265-2.6-1.40.15 (TeX Live 2014) (preloaded format=latex 2015.2.19)  19 FEB 2015 00:51
entering extended mode
 restricted \write18 enabled.
 %&-line parsing enabled.
**/Users/goocy/Downloads/mdwfonts/mdwfonts.ins
(/Users/goocy/Downloads/mdwfonts/mdwfonts.ins
LaTeX2e <2014/05/01>
Babel <3.9k> and hyphenation patterns for 21 languages loaded.
(/usr/local/texlive/2014basic/texmf-dist/tex/latex/base/docstrip.tex
\blockLevel=\count79
\emptyLines=\count80
\processedLines=\count81
\commentsRemoved=\count82
\commentsPassed=\count83
\codeLinesPassed=\count84
\TotalprocessedLines=\count85
\TotalcommentsRemoved=\count86
\TotalcommentsPassed=\count87
\TotalcodeLinesPassed=\count88
\NumberOfFiles=\count89
\inFile=\read1
\inputcheck=\read2
\off@0=\count90
\off@1=\count91
\off@2=\count92
\off@3=\count93
\off@4=\count94
\off@5=\count95
\off@6=\count96
\off@7=\count97
\off@8=\count98
\off@9=\count99
\off@10=\count100
\off@11=\count101
\off@12=\count102
\off@13=\count103
\off@14=\count104
\off@15=\count105
\@maxfiles=\count106
\@maxoutfiles=\count107

Utility: `docstrip' 2.5e <2014/09/29>
English documentation    <2014/09/29>

**********************************************************
* This program converts documented macro-files into fast *
* loadable files by stripping off (nearly) all comments! *
**********************************************************

********************************************************
* No Configuration file found, using default settings. *
********************************************************

! 
**************************************************
* Could not find your \batchfile=mdwfonts.ins.
**************************************************.
\processbatchFile ...****************************}
                                                  \fi \else \ifDefault \Msg ...
l.1092 \process@first@batchfile
                               
? q
OK, entering \batchmode...

****************************************************
 * First type the extension of your input file(s):  *
! Emergency stop.
<read *> 
         
l.1092 \process@first@batchfile
                               
*** (cannot \read from terminal in nonstop modes)

 
Here is how much of TeX's memory you used:
 289 strings out of 494523
 3067 string characters out of 6167231
 52451 words of memory out of 5000000
 3644 multiletter control sequences out of 15000+600000
 3640 words of font info for 14 fonts, out of 8000000 for 9000
 319 hyphenation exceptions out of 8191
 9i,0n,9p,135b,10s stack positions out of 5000i,500n,10000p,200000b,80000s
No pages of output.
