

############################
Mon Jul 21 18:34:27 CEST 2014
/scr/kuba2/Dohorap/Main/Data/bat/Localized
/afs/cbs.mpg.de/software/freesurfer/5.3.0/amd64/2.15/tktools/tksurfer.bin dh55a lh inflated 
############################


############################
Mon Jul 21 18:35:12 CEST 2014
/scr/kuba2/Dohorap/Main/Data/bat/Localized
/afs/cbs.mpg.de/software/freesurfer/5.3.0/amd64/2.15/tktools/tksurfer.bin dh55a lh inflated 
############################


############################
Die Jul 22 13:54:07 CEST 2014
/scr/kuba2/Dohorap/Main/Data/bat/Localized
/afs/cbs.mpg.de/software/freesurfer/5.3.0/amd64/2.15/tktools/tksurfer.bin dh55a lh inflated 
############################


############################
Die Jul 22 14:04:10 CEST 2014
/scr/kuba2/Dohorap/Main/Data/bat/Localized
/afs/cbs.mpg.de/software/freesurfer/5.3.0/amd64/2.15/tktools/tksurfer.bin dh55a lh inflated 
############################


############################
Fre Jul 25 11:41:19 CEST 2014
/scr/kuba2/Dohorap/Main/Data/bat/Localized
/afs/cbs.mpg.de/software/freesurfer/5.3.0/amd64/2.15/tktools/tksurfer.bin dh55a lh inflated 
############################


############################
Mit Aug 13 21:14:17 CEST 2014
/scr/kuba2/Dohorap/Main/Data/bat/Localized
/afs/cbs.mpg.de/software/freesurfer/5.3.0/amd64/2.15/tktools/tksurfer.bin dh55a lh inflated 
############################
